13:28:44: Creating resource group General
13:28:44: Creating resource group Internal
13:28:44: Creating resource group Autodetect
13:28:44: SceneManagerFactory for type 'DefaultSceneManager' registered.
13:28:44: Registering ResourceManager for type Material
13:28:44: Registering ResourceManager for type Mesh
13:28:44: Registering ResourceManager for type Skeleton
13:28:44: MovableObjectFactory for type 'ParticleSystem' registered.
13:28:44: OverlayElementFactory for type Panel registered.
13:28:44: OverlayElementFactory for type BorderPanel registered.
13:28:44: OverlayElementFactory for type TextArea registered.
13:28:44: Registering ResourceManager for type Font
13:28:44: ArchiveFactory for archive type FileSystem registered.
13:28:44: ArchiveFactory for archive type Zip registered.
13:28:44: DDS codec registering
13:28:44: FreeImage version: 3.15.1
13:28:44: This program uses FreeImage, a free, open source image library supporting all common bitmap formats. See http://freeimage.sourceforge.net for details
13:28:44: Supported formats: bmp,ico,jpg,jif,jpeg,jpe,jng,koa,iff,lbm,mng,pbm,pbm,pcd,pcx,pgm,pgm,png,ppm,ppm,ras,tga,targa,tif,tiff,wap,wbmp,wbm,psd,cut,xbm,xpm,gif,hdr,g3,sgi,exr,j2k,j2c,jp2,pfm,pct,pict,pic,3fr,arw,bay,bmq,cap,cine,cr2,crw,cs1,dc2,dcr,drf,dsc,dng,erf,fff,ia,iiq,k25,kc2,kdc,mdc,mef,mos,mrw,nef,nrw,orf,pef,ptx,pxn,qtk,raf,raw,rdc,rw2,rwl,rwz,sr2,srf,sti
13:28:44: Registering ResourceManager for type HighLevelGpuProgram
13:28:44: Registering ResourceManager for type Compositor
13:28:44: MovableObjectFactory for type 'Entity' registered.
13:28:44: MovableObjectFactory for type 'Light' registered.
13:28:44: MovableObjectFactory for type 'BillboardSet' registered.
13:28:44: MovableObjectFactory for type 'ManualObject' registered.
13:28:44: MovableObjectFactory for type 'BillboardChain' registered.
13:28:44: MovableObjectFactory for type 'RibbonTrail' registered.
13:28:44: *-*-* OGRE Initialising
13:28:44: *-*-* Version 1.7.4 (Cthugha)
13:28:44: Loading library /usr/lib/i386-linux-gnu/OGRE-1.7.4/RenderSystem_GL
13:28:44: Installing plugin: GL RenderSystem
13:28:44: OpenGL Rendering Subsystem created.
13:28:44: Plugin successfully installed
13:28:44: Loading library /usr/lib/i386-linux-gnu/OGRE-1.7.4/Plugin_OctreeSceneManager
13:28:44: Installing plugin: Octree & Terrain Scene Manager
13:28:44: Plugin successfully installed
13:28:44: Loading library /usr/lib/i386-linux-gnu/OGRE-1.7.4/Plugin_ParticleFX
13:28:44: Installing plugin: ParticleFX
13:28:44: Particle Emitter Type 'Point' registered
13:28:44: Particle Emitter Type 'Box' registered
13:28:44: Particle Emitter Type 'Ellipsoid' registered
13:28:44: Particle Emitter Type 'Cylinder' registered
13:28:44: Particle Emitter Type 'Ring' registered
13:28:44: Particle Emitter Type 'HollowEllipsoid' registered
13:28:44: Particle Affector Type 'LinearForce' registered
13:28:44: Particle Affector Type 'ColourFader' registered
13:28:44: Particle Affector Type 'ColourFader2' registered
13:28:44: Particle Affector Type 'ColourImage' registered
13:28:44: Particle Affector Type 'ColourInterpolator' registered
13:28:44: Particle Affector Type 'Scaler' registered
13:28:44: Particle Affector Type 'Rotator' registered
13:28:44: Particle Affector Type 'DirectionRandomiser' registered
13:28:44: Particle Affector Type 'DeflectorPlane' registered
13:28:44: Plugin successfully installed
13:28:44: CPU Identifier & Features
13:28:44: -------------------------
13:28:44:  *   CPU ID: GenuineIntel: Intel(R) Xeon(R) CPU            5150  @ 2.66GHz
13:28:44:  *      SSE: yes
13:28:44:  *     SSE2: yes
13:28:44:  *     SSE3: yes
13:28:44:  *      MMX: yes
13:28:44:  *   MMXEXT: yes
13:28:44:  *    3DNOW: no
13:28:44:  * 3DNOWEXT: no
13:28:44:  *     CMOV: yes
13:28:44:  *      TSC: yes
13:28:44:  *      FPU: yes
13:28:44:  *      PRO: yes
13:28:44:  *       HT: no
13:28:44: -------------------------
13:28:44: ******************************
*** Starting GLX Subsystem ***
******************************
13:28:44: GLRenderSystem::_createRenderWindow "OgreWindow(0)", 1x1 windowed  miscParams: externalGLControl= macAPI=carbon parentWindowHandle=73400321 
13:28:44: GLXWindow::create used FBConfigID = 225
13:28:44: GL_VERSION = 2.1.2 NVIDIA 304.88
13:28:44: GL_VENDOR = NVIDIA Corporation
13:28:44: GL_RENDERER = GeForce 7300 GT/PCIe/SSE2
13:28:44: GL_EXTENSIONS = GL_ARB_color_buffer_float GL_ARB_compressed_texture_pixel_storage GL_ARB_conservative_depth GL_ARB_copy_buffer GL_ARB_depth_clamp GL_ARB_depth_texture GL_ARB_draw_buffers GL_ARB_ES2_compatibility GL_ARB_explicit_attrib_location GL_ARB_fragment_program GL_ARB_fragment_program_shadow GL_ARB_fragment_shader GL_ARB_framebuffer_object GL_ARB_get_program_binary GL_ARB_half_float_pixel GL_ARB_half_float_vertex GL_ARB_imaging GL_ARB_internalformat_query GL_ARB_map_buffer_alignment GL_ARB_map_buffer_range GL_ARB_multisample GL_ARB_multitexture GL_ARB_occlusion_query GL_ARB_occlusion_query2 GL_ARB_pixel_buffer_object GL_ARB_point_parameters GL_ARB_point_sprite GL_ARB_provoking_vertex GL_ARB_robustness GL_ARB_sampler_objects GL_ARB_separate_shader_objects GL_ARB_shader_objects GL_ARB_shading_language_100 GL_ARB_shading_language_420pack GL_ARB_shading_language_include GL_ARB_shadow GL_ARB_sync GL_ARB_texture_border_clamp GL_ARB_texture_compression GL_ARB_texture_cube_map GL_ARB_texture_env_add GL_ARB_texture_env_combine GL_ARB_texture_env_crossbar GL_ARB_texture_env_dot3 GL_ARB_texture_float GL_ARB_texture_mirrored_repeat GL_ARB_texture_non_power_of_two GL_ARB_texture_rectangle GL_ARB_texture_rg GL_ARB_texture_storage GL_ARB_texture_swizzle GL_ARB_timer_query GL_ARB_transpose_matrix GL_ARB_vertex_array_bgra GL_ARB_vertex_array_object GL_ARB_vertex_buffer_object GL_ARB_vertex_program GL_ARB_vertex_shader GL_ARB_window_pos GL_ATI_draw_buffers GL_ATI_texture_float GL_ATI_texture_mirror_once GL_S3_s3tc GL_EXT_texture_env_add GL_EXT_abgr GL_EXT_bgra GL_EXT_blend_color GL_EXT_blend_equation_separate GL_EXT_blend_func_separate GL_EXT_blend_minmax GL_EXT_blend_subtract GL_EXT_compiled_vertex_array GL_EXT_Cg_shader GL_EXT_depth_bounds_test GL_EXT_direct_state_access GL_EXT_draw_range_elements GL_EXT_fog_coord GL_EXT_framebuffer_blit GL_EXT_framebuffer_multisample GL_EXT_framebuffer_object GL_EXT_gpu_program_parameters GL_EXT_multi_draw_arrays GL_EXT_packed_depth_stencil GL_EXT_packed_pixels GL_EXT_pixel_buffer_object GL_EXT_point_parameters GL_EXT_provoking_vertex GL_EXT_rescale_normal GL_EXT_secondary_color GL_EXT_separate_shader_objects GL_EXT_separate_specular_color GL_EXT_shadow_funcs GL_EXT_stencil_two_side GL_EXT_stencil_wrap GL_EXT_texture3D GL_EXT_texture_compression_dxt1 GL_EXT_texture_compression_s3tc GL_EXT_texture_cube_map GL_EXT_texture_edge_clamp GL_EXT_texture_env_combine GL_EXT_texture_env_dot3 GL_EXT_texture_filter_anisotropic GL_EXT_texture_format_BGRA8888 GL_EXT_texture_lod GL_EXT_texture_lod_bias GL_EXT_texture_mirror_clamp GL_EXT_texture_object GL_EXT_texture_sRGB GL_EXT_texture_sRGB_decode GL_EXT_texture_storage GL_EXT_texture_swizzle GL_EXT_timer_query GL_EXT_vertex_array GL_EXT_vertex_array_bgra GL_EXT_x11_sync_object GL_EXT_import_sync_object GL_IBM_rasterpos_clip GL_IBM_texture_mirrored_repeat GL_KTX_buffer_region GL_NV_alpha_test GL_NV_blend_minmax GL_NV_blend_square GL_NV_complex_primitives GL_NV_copy_depth_to_color GL_NV_depth_clamp GL_NV_ES1_1_compatibility GL_NV_fbo_color_attachments GL_NV_fence GL_NV_float_buffer GL_NV_fog_distance GL_NV_fragdepth GL_NV_fragment_program GL_NV_fragment_program_option GL_NV_fragment_program2 GL_NV_framebuffer_multisample_coverage GL_NV_half_float GL_NV_light_max_exponent GL_NV_multisample_filter_hint GL_NV_occlusion_query GL_NV_packed_depth_stencil GL_NV_pixel_data_range GL_NV_point_sprite GL_NV_primitive_restart GL_NV_register_combiners GL_NV_register_combiners2 GL_NV_texgen_reflection GL_NV_texture_barrier GL_NV_texture_compression_vtc GL_NV_texture_env_combine4 GL_NV_texture_expand_normal GL_NV_texture_lod_clamp GL_NV_texture_rectangle GL_NV_texture_shader GL_NV_texture_shader2 GL_NV_texture_shader3 GL_NV_vertex_array_range GL_NV_vertex_array_range2 GL_NV_vertex_program GL_NV_vertex_program1_1 GL_NV_vertex_program2 GL_NV_vertex_program2_option GL_NV_vertex_program3 GL_NVX_conditional_render GL_OES_compressed_paletted_texture GL_OES_depth24 GL_OES_depth32 GL_OES_depth_texture GL_OES_element_index_uint GL_OES_fbo_render_mipmap GL_OES_get_program_binary GL_OES_mapbuffer GL_OES_packed_depth_stencil GL_OES_point_size_array GL_OES_point_sprite GL_OES_rgb8_rgba8 GL_OES_read_format GL_OES_standard_derivatives GL_OES_texture_3D GL_OES_texture_float GL_OES_texture_float_linear GL_OES_texture_half_float GL_OES_texture_half_float_linear GL_OES_texture_npot GL_OES_vertex_array_object GL_OES_vertex_half_float GL_SGIS_generate_mipmap GL_SGIS_texture_lod GL_SGIX_depth_texture GL_SGIX_shadow GL_SUN_slice_accum 
13:28:44: Supported GLX extensions: GLX_EXT_visual_info GLX_EXT_visual_rating GLX_SGIX_fbconfig GLX_SGIX_pbuffer GLX_SGI_video_sync GLX_SGI_swap_control GLX_EXT_swap_control GLX_EXT_swap_control_tear GLX_EXT_texture_from_pixmap GLX_ARB_create_context GLX_ARB_create_context_profile GLX_EXT_create_context_es2_profile GLX_ARB_create_context_robustness GLX_ARB_multisample GLX_NV_float_buffer GLX_ARB_fbconfig_float GLX_ARB_get_proc_address 
13:28:44: ***************************
13:28:44: *** GL Renderer Started ***
13:28:44: ***************************
13:28:44: Registering ResourceManager for type GpuProgram
13:28:44: GLSL support detected
13:28:44: GL: Using GL_EXT_framebuffer_object for rendering to textures (best)
13:28:44: FBO PF_UNKNOWN depth/stencil support: D16S0 D24S0 D32S0 Packed-D24S8 
13:28:44: FBO PF_R5G6B5 depth/stencil support: D0S0 D16S0 D24S0 D32S0 Packed-D24S8 
13:28:44: FBO PF_B5G6R5 depth/stencil support: D0S0 D16S0 D24S0 D32S0 Packed-D24S8 
13:28:44: FBO PF_R8G8B8 depth/stencil support: D0S0 D16S0 D24S0 D32S0 Packed-D24S8 
13:28:44: FBO PF_B8G8R8 depth/stencil support: D0S0 D16S0 D24S0 D32S0 Packed-D24S8 
13:28:44: FBO PF_A8R8G8B8 depth/stencil support: D0S0 D16S0 D24S0 D32S0 Packed-D24S8 
13:28:44: FBO PF_B8G8R8A8 depth/stencil support: D0S0 D16S0 D24S0 D32S0 Packed-D24S8 
13:28:44: FBO PF_A2R10G10B10 depth/stencil support: D0S0 D16S0 D24S0 D32S0 Packed-D24S8 
13:28:44: FBO PF_A2B10G10R10 depth/stencil support: D0S0 D16S0 D24S0 D32S0 Packed-D24S8 
13:28:44: FBO PF_FLOAT16_RGB depth/stencil support: D0S0 D16S0 D24S0 D32S0 Packed-D24S8 
13:29:08: FBO PF_FLOAT16_RGBA depth/stencil support: D0S0 D16S0 D24S0 D32S0 Packed-D24S8 
13:29:09: FBO PF_FLOAT32_RGB depth/stencil support: D0S0 D16S0 D24S0 D32S0 Packed-D24S8 
13:29:09: FBO PF_FLOAT32_RGBA depth/stencil support: D0S0 D16S0 
13:29:09: FBO PF_X8R8G8B8 depth/stencil support: D0S0 D16S0 D24S0 D32S0 Packed-D24S8 
13:29:09: FBO PF_X8B8G8R8 depth/stencil support: D0S0 D16S0 D24S0 D32S0 Packed-D24S8 
13:29:09: FBO PF_SHORT_RGBA depth/stencil support: D0S0 D16S0 D24S0 D32S0 Packed-D24S8 
13:29:09: FBO PF_R3G3B2 depth/stencil support: D0S0 D16S0 D24S0 D32S0 Packed-D24S8 
13:29:09: FBO PF_SHORT_RGB depth/stencil support: D0S0 D16S0 D24S0 D32S0 Packed-D24S8 
13:29:09: [GL] : Valid FBO targets PF_UNKNOWN PF_R5G6B5 PF_B5G6R5 PF_R8G8B8 PF_B8G8R8 PF_A8R8G8B8 PF_B8G8R8A8 PF_A2R10G10B10 PF_A2B10G10R10 PF_FLOAT16_RGB PF_FLOAT16_RGBA PF_FLOAT32_RGB PF_FLOAT32_RGBA PF_X8R8G8B8 PF_X8B8G8R8 PF_SHORT_RGBA PF_R3G3B2 PF_SHORT_RGB 
13:29:09: RenderSystem capabilities
13:29:09: -------------------------
13:29:09: RenderSystem Name: OpenGL Rendering Subsystem
13:29:09: GPU Vendor: nvidia
13:29:09: Device Name: GeForce 7300 GT/PCIe/SSE2
13:29:09: Driver Version: 2.1.2.0
13:29:09:  * Fixed function pipeline: yes
13:29:09:  * Hardware generation of mipmaps: yes
13:29:09:  * Texture blending: yes
13:29:09:  * Anisotropic texture filtering: yes
13:29:09:  * Dot product texture operation: yes
13:29:09:  * Cube mapping: yes
13:29:09:  * Hardware stencil buffer: yes
13:29:09:    - Stencil depth: 8
13:29:09:    - Two sided stencil support: yes
13:29:09:    - Wrap stencil values: yes
13:29:09:  * Hardware vertex / index buffers: yes
13:29:09:  * Vertex programs: yes
13:29:09:  * Number of floating-point constants for vertex programs: 256
13:29:09:  * Number of integer constants for vertex programs: 0
13:29:09:  * Number of boolean constants for vertex programs: 0
13:29:09:  * Fragment programs: yes
13:29:09:  * Number of floating-point constants for fragment programs: 512
13:29:09:  * Number of integer constants for fragment programs: 0
13:29:09:  * Number of boolean constants for fragment programs: 0
13:29:09:  * Geometry programs: no
13:29:09:  * Number of floating-point constants for geometry programs: 0
13:29:09:  * Number of integer constants for geometry programs: 0
13:29:09:  * Number of boolean constants for geometry programs: 0
13:29:09:  * Supported Shader Profiles: arbfp1 arbvp1 fp20 fp30 fp40 glsl vp30 vp40
13:29:09:  * Texture Compression: yes
13:29:09:    - DXT: yes
13:29:09:    - VTC: yes
13:29:09:    - PVRTC: no
13:29:09:  * Scissor Rectangle: yes
13:29:09:  * Hardware Occlusion Query: yes
13:29:09:  * User clip planes: yes
13:29:09:  * VET_UBYTE4 vertex element type: yes
13:29:09:  * Infinite far plane projection: yes
13:29:09:  * Hardware render-to-texture: yes
13:29:09:  * Floating point textures: yes
13:29:09:  * Non-power-of-two textures: yes
13:29:09:  * Volume textures: yes
13:29:09:  * Multiple Render Targets: 4
13:29:09:    - With different bit depths: yes
13:29:09:  * Point Sprites: yes
13:29:09:  * Extended point parameters: yes
13:29:09:  * Max Point Size: 63.375
13:29:09:  * Vertex texture fetch: yes
13:29:09:  * Number of world matrices: 0
13:29:09:  * Number of texture units: 16
13:29:09:  * Stencil buffer depth: 8
13:29:09:  * Number of vertex blend matrices: 0
13:29:09:    - Max vertex textures: 4
13:29:09:    - Vertex textures shared: yes
13:29:09:  * Render to Vertex Buffer : no
13:29:09:  * GL 1.5 without VBO workaround: no
13:29:09:  * Frame Buffer objects: yes
13:29:09:  * Frame Buffer objects (ARB extension): no
13:29:09:  * Frame Buffer objects (ATI extension): no
13:29:09:  * PBuffer support: yes
13:29:09:  * GL 1.5 without HW-occlusion workaround: no
13:29:09: Registering ResourceManager for type Texture
13:29:09: DefaultWorkQueue('Root') initialising on thread 0xac62280.
13:29:09: DefaultWorkQueue('Root')::WorkerFunc - thread 0xae7bab8 starting.
13:29:09: DefaultWorkQueue('Root')::WorkerFunc - thread 0xac47550 starting.
13:29:09: DefaultWorkQueue('Root')::WorkerFunc - thread 0xaf48f30 starting.
13:29:09: Particle Renderer Type 'billboard' registered
13:29:09: DefaultWorkQueue('Root')::WorkerFunc - thread 0xaf490d0 starting.
13:29:09: SceneManagerFactory for type 'OctreeSceneManager' registered.
13:29:09: SceneManagerFactory for type 'TerrainSceneManager' registered.
13:29:09: Creating resource group rviz
13:29:09: Added resource location '/opt/ros/groovy/share/rviz/ogre_media' of type 'FileSystem' to resource group 'rviz'
13:29:09: Added resource location '/opt/ros/groovy/share/rviz/ogre_media/textures' of type 'FileSystem' to resource group 'rviz'
13:29:09: Added resource location '/opt/ros/groovy/share/rviz/ogre_media/fonts' of type 'FileSystem' to resource group 'rviz'
13:29:09: Added resource location '/opt/ros/groovy/share/rviz/ogre_media/models' of type 'FileSystem' to resource group 'rviz'
13:29:09: Added resource location '/opt/ros/groovy/share/rviz/ogre_media/materials' of type 'FileSystem' to resource group 'rviz'
13:29:09: Added resource location '/opt/ros/groovy/share/rviz/ogre_media/materials/scripts' of type 'FileSystem' to resource group 'rviz'
13:29:09: Added resource location '/opt/ros/groovy/share/rviz/ogre_media/materials/glsl120' of type 'FileSystem' to resource group 'rviz'
13:29:09: Added resource location '/opt/ros/groovy/share/rviz/ogre_media/materials/glsl120/nogp' of type 'FileSystem' to resource group 'rviz'
13:29:09: Added resource location '/opt/ros/groovy/share/rviz/ogre_media/materials/scripts120' of type 'FileSystem' to resource group 'rviz'
13:29:09: Parsing scripts for resource group Autodetect
13:29:09: Finished parsing scripts for resource group Autodetect
13:29:09: Parsing scripts for resource group General
13:29:09: Finished parsing scripts for resource group General
13:29:09: Parsing scripts for resource group Internal
13:29:09: Finished parsing scripts for resource group Internal
13:29:09: Parsing scripts for resource group rviz
13:29:09: Parsing script glsl120.program
13:29:09: GLSL compiling: rviz/glsl120/include/pack_depth.frag
13:29:09: GLSL compiled : rviz/glsl120/include/pack_depth.frag
13:29:09: GLSL compiling: rviz/glsl120/include/circle_impl.frag
13:29:09: GLSL compiled : rviz/glsl120/include/circle_impl.frag
13:29:09: GLSL compiling: rviz/glsl120/depth_circle.frag
13:29:09: GLSL compiled : rviz/glsl120/depth_circle.frag
13:29:09: GLSL compiling: rviz/glsl120/include/pack_depth.frag
13:29:09: GLSL compiled : rviz/glsl120/include/pack_depth.frag
13:29:09: GLSL compiling: rviz/glsl120/depth.frag
13:29:09: GLSL compiled : rviz/glsl120/depth.frag
13:29:09: GLSL compiling: rviz/glsl120/include/pass_depth.vert
13:29:09: GLSL compiled : rviz/glsl120/include/pass_depth.vert
13:29:09: GLSL compiling: rviz/glsl120/depth.vert
13:29:09: GLSL compiled : rviz/glsl120/depth.vert
13:29:09: GLSL compiling: rviz/glsl120/flat_color.frag
13:29:09: GLSL compiled : rviz/glsl120/flat_color.frag
13:29:09: GLSL compiling: rviz/glsl120/include/circle_impl.frag
13:29:09: GLSL compiled : rviz/glsl120/include/circle_impl.frag
13:29:09: GLSL compiling: rviz/glsl120/flat_color_circle.frag
13:29:09: GLSL compiled : rviz/glsl120/flat_color_circle.frag
13:29:09: GLSL compiling: rviz/glsl120/include/circle_impl.frag
13:29:09: GLSL compiled : rviz/glsl120/include/circle_impl.frag
13:29:09: GLSL compiling: rviz/glsl120/include/circle_impl.frag
13:29:09: GLSL compiled : rviz/glsl120/include/circle_impl.frag
13:29:09: GLSL compiling: rviz/glsl120/pickcolor_circle.frag
13:29:09: GLSL compiled : rviz/glsl120/pickcolor_circle.frag
13:29:09: GLSL compiling: rviz/glsl120/pickcolor.frag
13:29:09: GLSL compiled : rviz/glsl120/pickcolor.frag
13:29:09: GLSL compiling: rviz/glsl120/point.vert
13:29:09: GLSL compiled : rviz/glsl120/point.vert
13:29:09: GLSL compiling: rviz/glsl120/include/pass_depth.vert
13:29:09: GLSL compiled : rviz/glsl120/include/pass_depth.vert
13:29:09: GLSL compiling: rviz/glsl120/point.vert(with_depth)
13:29:09: GLSL compiled : rviz/glsl120/point.vert(with_depth)
13:29:09: GLSL compiling: rviz/glsl120/shaded_circle.frag
13:29:09: GLSL compiled : rviz/glsl120/shaded_circle.frag
13:29:09: GLSL compiling: rviz/glsl120/smooth_square.frag
13:29:09: GLSL compiled : rviz/glsl120/smooth_square.frag
13:29:09: Parsing script nogp.program
13:29:09: GLSL compiling: rviz/glsl120/nogp/billboard_tile.vert
13:29:09: GLSL compiled : rviz/glsl120/nogp/billboard_tile.vert
13:29:09: GLSL compiling: rviz/glsl120/include/pass_depth.vert
13:29:09: GLSL compiled : rviz/glsl120/include/pass_depth.vert
13:29:09: GLSL compiling: rviz/glsl120/nogp/billboard_tile.vert(with_depth)
13:29:09: GLSL compiled : rviz/glsl120/nogp/billboard_tile.vert(with_depth)
13:29:09: GLSL compiling: rviz/glsl120/nogp/billboard.vert
13:29:09: GLSL compiled : rviz/glsl120/nogp/billboard.vert
13:29:09: GLSL compiling: rviz/glsl120/include/pass_depth.vert
13:29:09: GLSL compiled : rviz/glsl120/include/pass_depth.vert
13:29:09: GLSL compiling: rviz/glsl120/nogp/billboard.vert(with_depth)
13:29:09: GLSL compiled : rviz/glsl120/nogp/billboard.vert(with_depth)
13:29:09: GLSL compiling: rviz/glsl120/nogp/box.vert
13:29:09: GLSL compiled : rviz/glsl120/nogp/box.vert
13:29:09: GLSL compiling: rviz/glsl120/include/pass_depth.vert
13:29:09: GLSL compiled : rviz/glsl120/include/pass_depth.vert
13:29:09: GLSL compiling: rviz/glsl120/nogp/box.vert(with_depth)
13:29:09: GLSL compiled : rviz/glsl120/nogp/box.vert(with_depth)
13:29:09: GLSL compiling: rviz/glsl120/nogp/box.frag
13:29:09: GLSL compiled : rviz/glsl120/nogp/box.frag
13:29:09: Parsing script point_cloud_point.material
13:29:09: GLSL compiling: rviz/glsl120/pass_color_circle.frag
13:29:09: GLSL compiled : rviz/glsl120/pass_color_circle.frag
13:29:09: Parsing script point_cloud_tile.material
13:29:09: GLSL compiling: rviz/glsl120/pass_color.frag
13:29:09: GLSL compiled : rviz/glsl120/pass_color.frag
13:29:09: Parsing script default_pick_and_depth.material
13:29:09: GLSL compiling: rviz/glsl120/black.frag
13:29:09: GLSL compiled : rviz/glsl120/black.frag
13:29:09: Parsing script point_cloud_sphere.material
13:29:09: Parsing script point_cloud_flat_square.material
13:29:09: Parsing script point_cloud_square.material
13:29:09: Parsing script point_cloud_box.material
13:29:09: Parsing script arial.fontdef
13:29:09: Finished parsing scripts for resource group rviz
13:29:09: GLRenderSystem::_createRenderWindow "OgreWindow(1)", 100x30 windowed  miscParams: externalGLControl= macAPI=carbon parentWindowHandle=69206062 
13:29:09: GLXWindow::create used FBConfigID = 225
13:29:10: Mesh: Loading rviz_sphere.mesh.
13:29:10: Texture: SelectionRect0Texture: Loading 1 faces(PF_R8G8B8A8,1x1x1) with 0 generated mipmaps from Image. Internal format is PF_A8R8G8B8,1x1x1.
13:29:10: Mesh: Loading rviz_cylinder.mesh.
13:29:10: Mesh: Loading rviz_cone.mesh.
