0, 0.000000, 0.000000, 3.141593;
0, 0.000000, 0.000000, 3.141593;
1, -0.476138, -0.307008, -2.602579;
2, -0.582787, -0.368392, -2.613318;
3, -0.672575, -0.418779, -2.624054;
4, -0.793238, -0.481462, -2.639074;
5, -0.905475, -0.542096, -2.638650;
6, -1.002833, -0.604168, -2.590493;
7, -1.079887, -0.667057, -2.507408;
8, -1.181674, -0.727381, -2.448192;
9, -1.252177, -0.793300, -2.397306;
10, -1.254169, -0.902594, -2.307007;
11, -1.309432, -0.988490, -2.210463;
12, -1.364698, -1.092097, -2.112352;
13, -1.446238, -1.188631, -2.023780;
14, -1.476154, -1.285867, -1.925369;
15, -1.521946, -1.403035, -1.805056;
16, -1.529533, -1.518651, -1.700911;
17, -1.538431, -1.615815, -1.597947;
18, -1.552950, -1.723899, -1.580015;
19, -1.554396, -1.831008, -1.576547;
20, -1.561596, -1.975250, -1.536414;
21, -1.547040, -2.084493, -1.473247;
22, -1.528087, -2.190876, -1.393303;
23, -1.497946, -2.291051, -1.309613;
24, -1.472802, -2.391130, -1.285055;
25, -1.435255, -2.516246, -1.269774;
26, -1.398992, -2.648209, -1.237391;
27, -1.363168, -2.746327, -1.227881;
28, -1.318200, -2.852712, -1.215064;
29, -1.277249, -2.954911, -1.205849;
30, -1.219654, -3.069018, -1.170819;
31, -1.168170, -3.153889, -1.065990;
32, -1.119141, -3.253185, -0.997672;
33, -1.141272, -3.345929, -0.947257;
34, -1.059008, -3.426395, -0.867526;
35, -0.937022, -3.522557, -0.835946;
36, -0.852922, -3.597822, -0.774613;
37, -0.771867, -3.659753, -0.711145;
38, -0.685052, -3.727659, -0.648673;
39, -0.609253, -3.802786, -0.620684;
40, -0.507058, -3.871323, -0.598897;
41, -0.455808, -3.924297, -0.554108;
42, -0.344571, -3.993625, -0.540098;
43, -0.232962, -4.065499, -0.516305;
44, -0.149703, -4.109337, -0.475827;
45, -0.055623, -4.164144, -0.456871;
46, 0.040986, -4.209657, -0.445835;
47, 0.150386, -4.265406, -0.424131;
48, 0.265058, -4.314559, -0.413475;
49, 0.398977, -4.357256, -0.405563;
50, 0.548094, -4.391873, -0.400337;
51, 0.650381, -4.439778, -0.389063;
52, 0.775003, -4.498911, -0.374817;
53, 0.866582, -4.546787, -0.362853;
54, 0.921921, -4.587506, -0.350071;
55, 1.017548, -4.623908, -0.362633;
56, 1.137625, -4.681206, -0.404910;
57, 1.281212, -4.744771, -0.466003;
58, 1.432363, -4.802636, -0.485959;
59, 1.526960, -4.851760, -0.481099;
60, 1.573691, -4.895522, -0.500112;
61, 1.662448, -4.955143, -0.553681;
62, 1.760430, -5.023918, -0.606455;
63, 1.862393, -5.087753, -0.554748;
64, 1.991042, -5.111434, -0.423952;
65, 2.096928, -5.138569, -0.318021;
66, 2.219939, -5.222871, -0.408915;
67, 2.318382, -5.264963, -0.403013;
68, 2.405389, -5.304113, -0.380138;
69, 2.535765, -5.370396, -0.333092;
70, 2.648833, -5.405472, -0.323066;
71, 2.778295, -5.444952, -0.311794;
72, 2.882302, -5.476285, -0.301059;
73, 2.962287, -5.498576, -0.290850;
74, 3.080145, -5.533080, -0.279833;
75, 3.181638, -5.560929, -0.270341;
76, 3.285713, -5.589919, -0.258252;
77, 3.411096, -5.621667, -0.246727;
78, 3.545939, -5.659737, -0.227580;
79, 3.656548, -5.694744, -0.268305;
80, 3.758279, -5.732955, -0.320486;
81, 3.872385, -5.768693, -0.309464;
82, 3.995450, -5.806509, -0.300723;
83, 4.120530, -5.839188, -0.292588;
84, 4.214586, -5.861216, -0.256451;
85, 4.323240, -5.898268, -0.277660;
86, 4.442987, -5.936935, -0.263859;
87, 4.565896, -5.970757, -0.251941;
88, 4.670180, -5.996499, -0.252858;
89, 4.839703, -6.066288, -0.272452;
90, 4.957941, -6.101982, -0.282577;
91, 5.085493, -6.127197, -0.247260;
92, 5.205136, -6.155921, -0.254175;
93, 5.328405, -6.187058, -0.255883;
94, 5.432575, -6.214631, -0.255883;
95, 5.519100, -6.239907, -0.262837;
96, 5.637441, -6.275618, -0.263018;
97, 5.761466, -6.310120, -0.263054;
98, 5.914941, -6.358295, -0.263654;
99, 6.043831, -6.394802, -0.265218;
100, 6.180314, -6.435164, -0.263248;
101, 6.288288, -6.464100, -0.263083;
102, 6.390198, -6.496345, -0.262299;
103, 6.508084, -6.529216, -0.262196;
104, 6.578838, -6.545631, -0.262010;
105, 6.698528, -6.576572, -0.254708;
106, 6.822249, -6.607082, -0.244125;
107, 6.926088, -6.639066, -0.241896;
108, 7.049976, -6.667256, -0.231317;
109, 7.197791, -6.712835, -0.222285;
110, 7.301753, -6.734417, -0.211545;
111, 7.468632, -6.782681, -0.222022;
112, 7.562892, -6.809805, -0.260750;
113, 7.724820, -6.860523, -0.277195;
114, 7.837655, -6.898246, -0.301152;
115, 7.930577, -6.905563, -0.330563;
116, 8.102146, -6.964569, -0.363751;
117, 8.204530, -7.011619, -0.405158;
118, 8.302935, -7.062662, -0.448212;
119, 8.318766, -7.070356, -0.358695;
120, 8.409924, -7.096039, -0.309749;
121, 8.555824, -7.168211, -0.353564;
122, 8.675469, -7.211560, -0.350400;
123, 8.719407, -7.228961, -0.319269;
124, 8.839567, -7.269126, -0.319035;
125, 9.034291, -7.328738, -0.303637;
126, 9.116990, -7.354988, -0.302846;
127, 9.232883, -7.390782, -0.296302;
128, 9.309515, -7.414459, -0.295821;
129, 9.377935, -7.428416, -0.251879;
130, 9.499714, -7.457021, -0.240971;
131, 9.546603, -7.479478, -0.263487;
132, 9.668852, -7.510029, -0.252827;
133, 9.806902, -7.536804, -0.218385;
134, 9.937430, -7.565458, -0.207044;
135, 10.069313, -7.600404, -0.196536;
136, 10.165203, -7.620815, -0.186503;
137, 10.332604, -7.660058, -0.172174;
138, 10.448851, -7.677080, -0.161105;
139, 10.517970, -7.684174, -0.150601;
140, 10.641794, -7.707773, -0.166998;
141, 10.825461, -7.764485, -0.244595;
142, 10.928936, -7.786051, -0.228946;
143, 11.042681, -7.791518, -0.182338;
144, 11.166954, -7.812797, -0.181870;
145, 11.272478, -7.871540, -0.298195;
146, 11.372808, -7.903695, -0.302832;
147, 11.499909, -7.925136, -0.270060;
148, 11.602064, -7.953020, -0.268448;
149, 11.769915, -8.014646, -0.286685;
150, 11.871750, -8.042820, -0.276101;
151, 11.993588, -8.083493, -0.274557;
152, 12.115778, -8.115667, -0.265430;
153, 12.263992, -8.162432, -0.274140;
154, 12.383978, -8.200827, -0.287425;
155, 12.518965, -8.240056, -0.278915;
156, 12.652044, -8.279311, -0.275441;
157, 12.791097, -8.318905, -0.269971;
158, 12.885760, -8.345835, -0.269356;
159, 12.973137, -8.371002, -0.261122;
160, 13.089407, -8.396800, -0.231603;
161, 13.141233, -8.413029, -0.227339;
162, 13.262912, -8.440705, -0.223885;
163, 13.411325, -8.490167, -0.248819;
164, 13.520499, -8.524938, -0.285929;
165, 13.703741, -8.583100, -0.260186;
166, 13.813928, -8.603164, -0.251295;
167, 13.929589, -8.623139, -0.244663;
168, 14.032793, -8.647572, -0.235617;
169, 14.165577, -8.683309, -0.239162;
170, 14.272774, -8.713883, -0.230622;
171, 14.362815, -8.739274, -0.221842;
172, 14.500227, -8.771435, -0.211833;
173, 14.638631, -8.802128, -0.201738;
174, 14.772721, -8.829113, -0.193452;
175, 14.896428, -8.857499, -0.210172;
176, 14.992231, -8.874243, -0.192091;
177, 15.118014, -8.893130, -0.173609;
178, 15.224405, -8.910172, -0.164331;
179, 15.325627, -8.931469, -0.190240;
180, 15.451165, -8.960424, -0.203361;
181, 15.559842, -8.981346, -0.191486;
182, 15.604930, -8.985457, -0.184294;
183, 15.702819, -8.999309, -0.175501;
184, 15.827699, -9.029165, -0.166751;
185, 15.942327, -9.052145, -0.159923;
186, 16.076782, -9.075212, -0.155417;
187, 16.186885, -9.092544, -0.147454;
188, 16.306507, -9.113244, -0.129148;
189, 16.423299, -9.130501, -0.139586;
190, 16.549204, -9.166161, -0.196001;
191, 16.641640, -9.192555, -0.237188;
192, 16.764640, -9.209381, -0.226594;
193, 16.891510, -9.232883, -0.215414;
194, 17.008277, -9.270626, -0.253718;
195, 17.120579, -9.314574, -0.333381;
196, 17.242796, -9.338697, -0.355944;
197, 17.337413, -9.375994, -0.369534;
198, 17.430014, -9.419394, -0.407641;
199, 17.529191, -9.471013, -0.457038;
200, 17.633745, -9.520401, -0.513196;
201, 17.720694, -9.583079, -0.585902;
202, 17.829951, -9.606169, -0.667820;
203, 17.909909, -9.690694, -0.759272;
204, 17.994171, -9.801102, -0.857062;
205, 18.052296, -9.895444, -0.955240;
206, 18.106600, -10.009240, -1.023224;
207, 18.143553, -10.099842, -1.120999;
208, 18.186418, -10.198903, -1.229434;
209, 18.207601, -10.309520, -1.326190;
210, 18.234800, -10.406578, -1.389000;
211, 18.256326, -10.529659, -1.393626;
212, 18.282600, -10.626159, -1.421613;
213, 18.297346, -10.746829, -1.439162;
214, 18.288576, -10.882204, -1.510345;
215, 18.279752, -10.983234, -1.600386;
216, 18.311444, -11.103266, -1.678866;
217, 18.283971, -11.221931, -1.762117;
218, 18.287221, -11.340916, -1.801566;
219, 18.263314, -11.444454, -1.795164;
220, 18.223130, -11.537455, -1.813413;
221, 18.194927, -11.660852, -1.802760;
222, 18.151545, -11.765015, -1.815735;
223, 18.127580, -11.870291, -1.805230;
224, 18.104685, -12.008174, -1.794570;
225, 18.078402, -12.132545, -1.783839;
226, 18.037276, -12.261452, -1.775511;
227, 18.017874, -12.367778, -1.766306;
228, 17.995690, -12.473806, -1.751318;
229, 17.978373, -12.578870, -1.742037;
230, 17.934591, -12.710356, -1.731027;
231, 17.917530, -12.811722, -1.737769;
232, 17.907881, -12.919650, -1.768542;
233, 17.878179, -13.023557, -1.819077;
234, 17.850725, -13.124946, -1.826007;
235, 17.832218, -13.239533, -1.800125;
236, 17.804653, -13.362729, -1.791003;
237, 17.773409, -13.445922, -1.793977;
238, 17.747288, -13.569324, -1.784779;
239, 17.727326, -13.707369, -1.794368;
240, 17.705816, -13.812054, -1.785166;
241, 17.675252, -13.915723, -1.772926;
242, 17.652336, -14.039652, -1.763647;
243, 17.628560, -14.167230, -1.754974;
244, 17.607780, -14.291985, -1.744316;
245, 17.320300, -14.817414, -1.765873;
246, 17.294788, -14.904052, -1.822000;
247, 17.260721, -15.017510, -1.840957;
248, 17.232174, -15.120102, -1.843268;
249, 16.999852, -14.729260, -1.819232;
250, 16.953501, -14.879757, -1.818897;
251, 16.927214, -14.984274, -1.818897;
252, 16.885180, -15.092577, -1.818044;
253, 16.863928, -15.177355, -1.818044;
254, 16.826404, -15.311809, -1.820716;
255, 16.800320, -15.414827, -1.820716;
256, 16.774065, -15.519315, -1.822125;
257, 16.752391, -15.602434, -1.822125;
258, 16.721366, -15.724580, -1.822125;
259, 16.680990, -15.852569, -1.820519;
260, 16.650962, -15.975034, -1.813158;
261, 16.601987, -16.125159, -1.803024;
262, 16.579095, -16.230751, -1.793814;
263, 16.546916, -16.353648, -1.805307;
264, 16.516413, -16.459659, -1.813588;
265, 16.490170, -16.569948, -1.817721;
266, 16.470403, -16.666050, -1.803299;
267, 16.443317, -16.777930, -1.791936;
268, 16.417104, -16.903331, -1.784116;
269, 16.377590, -17.033642, -1.775732;
270, 16.347970, -17.126496, -1.768326;
271, 16.332154, -17.203299, -1.757802;
272, 16.310175, -17.329009, -1.748516;
273, 16.294172, -17.456758, -1.741997;
274, 16.274382, -17.593572, -1.747355;
275, 16.249342, -17.707617, -1.776647;
276, 16.217023, -17.849211, -1.808907;
277, 16.192554, -17.952065, -1.806622;
278, 16.125461, -18.118669, -1.744701;
279, 16.111170, -18.204640, -1.736869;
280, 16.139348, -18.279313, -1.789726;
281, 16.114047, -18.377946, -1.808818;
282, 16.105093, -18.466127, -1.829292;
283, 16.072481, -18.586359, -1.833213;
284, 16.026281, -18.733454, -1.798715;
285, 16.003660, -18.837881, -1.792420;
286, 15.966028, -18.950569, -1.820362;
287, 15.936630, -19.071864, -1.829297;
288, 15.909915, -19.173432, -1.838358;
289, 15.881140, -19.272702, -1.849014;
290, 15.844141, -19.404476, -1.853340;
291, 15.819905, -19.511802, -1.862279;
292, 15.793955, -19.611048, -1.856412;
293, 15.760422, -19.731750, -1.848822;
294, 15.687280, -19.884183, -1.874645;
295, 15.647724, -19.998194, -1.893502;
296, 15.630171, -20.137053, -1.886980;
297, 15.597620, -20.238674, -1.876320;
298, 16.334158, -20.208920, -1.832699;
299, 16.302813, -20.331315, -1.823568;
300, 15.636294, -20.639645, -1.861988;
301, 15.599310, -20.752325, -1.881078;
302, 15.593462, -20.823855, -1.898795;
303, 15.553179, -20.944274, -1.892371;
304, 15.328617, -21.006482, -1.876492;
305, 15.303511, -21.090396, -1.868667;
306, 15.254925, -21.210640, -1.878251;
307, 15.224356, -21.312935, -1.867590;
308, 15.163533, -21.459229, -1.857318;
309, 15.133078, -21.537676, -1.848881;
310, 15.099204, -21.657293, -1.849918;
311, 15.068994, -21.755667, -1.857280;
312, 15.040601, -21.894001, -1.848317;
313, 14.994659, -22.029289, -1.842873;
314, 14.958938, -22.148425, -1.855880;
315, 14.927067, -22.246019, -1.875276;
316, 14.873878, -22.395560, -1.870413;
317, 14.837551, -22.544423, -1.852713;
318, 14.814082, -22.628674, -1.846426;
319, 14.796334, -22.734631, -1.838206;
320, 14.964795, -22.941610, -1.850775;
321, 14.915575, -23.074782, -1.856251;
322, 14.885062, -23.174704, -1.865384;
323, 14.864616, -23.257741, -1.868240;
324, 14.826446, -23.376391, -1.878972;
325, 14.789443, -23.528462, -1.882260;
326, 14.757838, -23.630813, -1.875054;
327, 14.728066, -23.727637, -1.888962;
328, 14.689573, -23.849161, -1.883065;
329, 15.315780, -23.828348, -1.826833;
330, 15.288028, -23.943359, -1.814712;
331, 15.264186, -24.057283, -1.800404;
332, 15.241613, -24.159050, -1.789510;
333, 15.201008, -24.268156, -1.779516;
334, 15.176072, -24.393809, -1.768771;
335, 14.592115, -24.785591, -1.774653;
336, 14.572247, -24.891133, -1.764146;
337, 15.096322, -24.742226, -1.744002;
338, 15.079906, -24.847478, -1.734962;
339, 15.067580, -24.982546, -1.721146;
340, 15.053798, -25.089039, -1.710407;
341, 15.009606, -25.220814, -1.700972;
342, 14.995309, -25.347193, -1.690309;
343, 14.994801, -25.499408, -1.676960;
344, 14.985142, -25.604181, -1.666217;
345, 14.941765, -25.711894, -1.657072;
346, 14.934200, -25.818230, -1.646416;
347, 14.929126, -25.928923, -1.637546;
348, 14.923736, -26.036873, -1.628338;
349, 14.967673, -26.155496, -1.622732;
350, 14.950715, -26.257220, -1.701164;
351, 14.115421, -26.528677, -1.797095;
352, 14.073381, -26.635652, -1.892292;
353, 14.028812, -26.739891, -1.986218;
354, 13.977466, -26.839502, -2.076505;
355, 13.932561, -26.925382, -2.172563;
356, 13.854739, -27.006522, -2.270669;
357, 13.817622, -27.113466, -2.369555;
358, 13.736669, -27.169086, -2.467639;
359, 14.472405, -27.119578, -2.498602;
360, 14.386795, -27.165304, -2.596748;
361, 14.288803, -27.241694, -2.682882;
362, 14.188028, -27.317542, -2.713077;
363, 13.940544, -27.272419, -2.788743;
364, 13.844258, -27.291113, -2.886183;
365, 13.795933, -27.387233, -2.982131;
366, 13.705842, -27.392487, -3.042374;
367, 13.118284, -27.436448, -3.084080;
368, 12.655268, -27.436616, 3.117451;
369, 12.533704, -27.431043, 3.045543;
370, 12.408717, -27.414693, 2.985646;
371, 12.302648, -27.399052, 2.988464;
372, 12.218839, -27.396536, 2.973366;
373, 12.093159, -27.378142, 2.984023;
374, 11.940250, -27.324409, 2.967492;
375, 11.845585, -27.303168, 2.939346;
376, 11.715259, -27.266335, 2.936584;
377, 11.589932, -27.242038, 2.945245;
378, 11.518096, -27.259166, 2.946306;
379, 11.392455, -27.236579, 2.955588;
380, 11.244016, -27.175820, 2.943245;
381, 11.155814, -27.150999, 2.890903;
382, 11.033035, -27.112892, 2.837355;
383, 10.931514, -27.081190, 2.840165;
384, 10.773144, -27.054514, 2.886079;
385, 10.649203, -27.023849, 2.896743;
386, 10.547169, -26.978165, 2.888498;
387, 10.427451, -26.941046, 2.877276;
388, 10.329348, -26.909881, 2.860062;
389, 10.213644, -26.888118, 2.854379;
390, 10.108293, -26.859681, 2.852911;
391, 9.974026, -26.811442, 2.852647;
392, 9.870971, -26.781010, 2.852647;
393, 9.727342, -26.737289, 2.850766;
394, 9.643760, -26.711592, 2.850766;
395, 9.538238, -26.677658, 2.851034;
396, 9.416373, -26.641417, 2.851034;
397, 10.084242, -26.740061, 2.921299;
398, 9.960409, -26.712425, 2.921299;
399, 9.854031, -26.688257, 2.916447;
400, 9.729230, -26.660165, 2.916447;
401, 8.913256, -26.509518, 2.905843;
402, 8.815489, -26.504890, 3.014038;
403, 9.022714, -26.681578, 3.115677;
404, 8.571706, -26.397092, -3.072573;
405, 8.450356, -26.404341, -2.973690;
406, 8.350403, -26.462291, -2.852094;
407, 8.252333, -26.527381, -2.758109;
408, 8.155236, -26.579312, -2.695213;
409, 8.442725, -26.904999, -2.622191;
410, 8.364733, -26.957862, -2.570037;
411, 7.888880, -26.656160, -2.521561;
412, 7.816484, -26.717873, -2.467938;
413, 8.088006, -27.117133, -2.415973;
414, 8.010850, -27.198916, -2.362424;
415, 7.957689, -27.306548, -2.319724;
416, 7.880100, -27.396197, -2.294256;
417, 7.784621, -27.473711, -2.235508;
418, 7.733331, -27.551658, -2.183628;
419, 7.662764, -27.648070, -2.157832;
420, 7.607485, -27.736568, -2.135590;
421, 7.538996, -27.872295, -2.111303;
422, 7.488411, -27.972535, -2.061074;
423, 7.430558, -28.065970, -2.009745;
424, 7.388897, -28.161477, -1.991156;
425, 7.351647, -28.256514, -1.953666;
426, 7.313898, -28.367935, -1.917306;
427, 7.259719, -28.477599, -1.905521;
428, 7.226602, -28.578155, -1.897776;
429, 7.185258, -28.698283, -1.899264;
430, 7.141033, -28.818105, -1.898576;
431, 7.101740, -28.940098, -1.890065;
432, 7.078755, -29.095928, -1.877125;
433, 7.032838, -29.181034, -1.870785;
434, 7.001163, -29.276474, -1.885043;
435, 6.961180, -29.389639, -1.903290;
436, 6.927237, -29.489959, -1.896940;
437, 6.888367, -29.605000, -1.856797;
438, 6.854567, -29.727796, -1.846137;
439, 6.819443, -29.815472, -1.852994;
440, 6.784741, -29.934751, -1.854059;
441, 6.740150, -30.049277, -1.874198;
442, 6.701316, -30.167091, -1.884850;
443, 6.662336, -30.303543, -1.876242;
444, 6.628690, -30.402381, -1.886910;
445, 6.597834, -30.524898, -1.896117;
446, 6.557372, -30.639629, -1.888720;
447, 6.524269, -30.740835, -1.888874;
448, 6.483790, -30.862844, -1.882458;
449, 6.442783, -30.987308, -1.876138;
450, 6.400646, -31.109775, -1.871366;
451, 6.361060, -31.211794, -1.869891;
452, 6.325198, -31.331934, -1.867964;
453, 6.292221, -31.432998, -1.894663;
454, 6.247397, -31.559145, -1.881007;
455, 6.206866, -31.662351, -1.860207;
456, 6.170367, -31.803435, -1.874432;
457, 6.132199, -31.923708, -1.874432;
458, 6.085113, -32.045134, -1.871636;
459, 6.048062, -32.165365, -1.871636;
460, 6.010533, -32.271068, -1.888729;
461, 5.977120, -32.370586, -1.898007;
462, 5.936447, -32.489427, -1.882035;
463, 5.898659, -32.611691, -1.873457;
464, 5.852127, -32.738173, -1.874991;
465, 5.827369, -32.822375, -1.867166;
466, 5.794617, -32.926000, -1.865281;
467, 5.760156, -33.047024, -1.856071;
468, 5.705267, -33.177920, -1.869528;
469, 5.667283, -33.294685, -1.880125;
470, 5.658306, -33.404046, -1.865164;
471, 5.621983, -33.519900, -1.875822;
472, 5.592188, -33.633326, -1.884669;
473, 5.554649, -33.752651, -1.877851;
474, 5.511284, -33.860608, -1.870223;
475, 5.481853, -33.961945, -1.863852;
476, 5.414165, -34.089834, -1.856262;
477, 5.379957, -34.213536, -1.845522;
478, 5.351422, -34.341787, -1.842722;
479, 5.324065, -34.445749, -1.833437;
480, 5.317339, -34.553499, -1.846819;
481, 5.281389, -34.667598, -1.865001;
482, 5.240372, -34.769478, -1.864466;
483, 5.199065, -34.880635, -1.875647;
484, 5.162024, -34.997621, -1.884872;
485, 5.121136, -35.110834, -1.906339;
486, 4.677723, -34.936565, -1.950968;
487, 4.648151, -35.027234, -1.912419;
488, 4.596866, -35.137083, -1.882527;
489, 4.561017, -35.243843, -1.844516;
490, 4.490513, -35.337021, -1.822700;
491, 4.465551, -35.454336, -1.796852;
492, 4.469319, -35.564064, -1.764607;
493, 4.452111, -35.680873, -1.733864;
494, 4.435446, -35.814254, -1.700111;
495, 4.428900, -35.912863, -1.663522;
496, 4.397108, -36.015110, -1.618320;
497, 4.407383, -36.113627, -1.527153;
498, 4.359242, -36.224871, -1.429573;
499, 4.382165, -36.341933, -1.399852;
500, 4.475910, -36.471114, -1.339392;
501, 4.519701, -36.571206, -1.254300;
502, 4.557076, -36.652528, -1.184404;
503, 4.545737, -36.761140, -1.132478;
504, 4.626616, -36.869512, -1.068981;
505, 4.700045, -36.968575, -0.984097;
506, 4.774768, -37.071231, -0.883954;
507, 4.840034, -37.136223, -0.822436;
508, 4.918086, -37.222071, -0.790685;
509, 5.007668, -37.310076, -0.784267;
510, 5.084273, -37.386172, -0.782077;
511, 5.191771, -37.479689, -0.711424;
512, 5.281546, -37.541470, -0.651061;
513, 5.354218, -37.618366, -0.682307;
514, 5.428357, -37.686657, -0.640636;
515, 5.521057, -37.736898, -0.552841;
516, 5.616029, -37.795147, -0.479017;
517, 5.730425, -37.834595, -0.382298;
518, 5.876227, -37.918833, -0.361609;
519, 5.984904, -37.957627, -0.349173;
520, 6.110870, -37.995491, -0.318122;
521, 6.231373, -38.032562, -0.307378;
522, 6.323044, -38.057940, -0.297985;
523, 6.441645, -38.091615, -0.285720;
524, 6.517634, -38.111544, -0.276652;
525, 6.620029, -38.138912, -0.267371;
526, 6.768343, -38.186069, -0.254735;
527, 6.873239, -38.211599, -0.245461;
528, 6.968711, -38.236056, -0.234011;
529, 7.092295, -38.263462, -0.223271;
530, 7.176085, -38.279215, -0.209896;
531, 7.301334, -38.303404, -0.199232;
532, 7.417916, -38.328865, -0.186137;
533, 7.523142, -38.347541, -0.176861;
534, 7.635339, -38.362820, -0.166163;
535, 7.761334, -38.381297, -0.155497;
536, 7.885091, -38.375604, -0.156793;
537, 8.002338, -38.396959, -0.174815;
538, 8.118148, -38.424633, -0.105627;
539, 8.233966, -38.415657, 0.001333;
540, 8.339061, -38.425807, 0.069319;
541, 8.433742, -38.402078, 0.179700;
542, 8.546746, -38.376560, 0.270673;
543, 8.638436, -38.371712, 0.384306;
544, 8.735541, -38.300712, 0.491210;
545, 8.833022, -38.253885, 0.618538;
546, 8.918206, -38.174986, 0.731179;
547, 8.997029, -38.113136, 0.834124;
548, 9.056194, -38.038330, 0.949266;
549, 9.123434, -37.944987, 1.021956;
550, 9.188670, -37.836056, 1.027355;
551, 9.256211, -37.717101, 1.065610;
552, 9.310462, -37.619864, 1.067066;
553, 9.370264, -37.518726, 1.071326;
554, 9.434644, -37.401079, 1.073683;
555, 9.486052, -37.293545, 1.072511;
556, 9.547519, -37.180689, 1.072511;
557, 9.604803, -37.078254, 1.076199;
558, 9.655898, -36.984062, 1.074820;
559, 9.712535, -36.890289, 1.077880;
560, 9.771878, -36.779591, 1.079337;
561, 10.196889, -36.792025, 1.120505;
562, 10.251989, -36.677933, 1.120505;
563, 10.312196, -36.563585, 1.119728;
564, 10.352171, -36.484232, 1.119825;
565, 10.410853, -36.360442, 1.120238;
566, 10.466483, -36.245344, 1.120316;
567, 10.517285, -36.138736, 1.121341;
568, 10.572507, -36.025047, 1.119884;
569, 10.637858, -35.899642, 1.124085;
570, 10.683461, -35.803979, 1.124163;
571, 10.741051, -35.707993, 1.124062;
572, 10.788264, -35.608982, 1.124062;
573, 10.852900, -35.483409, 1.126112;
574, 10.902630, -35.379732, 1.127712;
575, 10.951372, -35.278737, 1.135108;
576, 10.996023, -35.183117, 1.135353;
577, 11.047297, -35.113094, 1.135975;
578, 11.099704, -35.000676, 1.135976;
579, 11.162208, -34.866144, 1.136710;
580, 11.216136, -34.751319, 1.136710;
581, 11.268266, -34.664735, 1.140307;
582, 11.313176, -34.567900, 1.140307;
583, 11.357381, -34.471684, 1.140541;
584, 11.419973, -34.344146, 1.145052;
585, 11.472976, -34.245868, 1.147231;
586, 11.525197, -34.130317, 1.147231;
587, 11.582508, -34.020864, 1.150299;
588, 11.634514, -33.905363, 1.150299;
589, 11.680287, -33.822567, 1.150418;
590, 11.723622, -33.713476, 1.182466;
591, 11.752341, -33.622225, 1.235073;
592, 11.814892, -33.475567, 1.220684;
593, 11.850796, -33.377419, 1.215169;
594, 11.907170, -33.218257, 1.197552;
595, 11.956070, -33.121496, 1.180921;
596, 11.990101, -33.045081, 1.216668;
597, 12.042373, -32.920279, 1.218979;
598, 12.074478, -32.830559, 1.222354;
599, 12.118859, -32.748671, 1.238428;
600, 12.158428, -32.628834, 1.247864;
601, 12.192074, -32.532970, 1.256247;
602, 12.227987, -32.453975, 1.256987;
603, 12.264988, -32.333657, 1.267642;
604, 12.294908, -32.252833, 1.275502;
605, 12.354642, -32.043907, 1.270252;
606, 12.387040, -31.933223, 1.280830;
607, 12.435157, -31.787686, 1.281756;
608, 12.459254, -31.704139, 1.284744;
609, 12.494209, -31.601987, 1.298734;
610, 12.535137, -31.473153, 1.317518;
611, 12.553344, -31.344596, 1.319904;
612, 12.578981, -31.240382, 1.322894;
613, 12.610083, -31.117659, 1.324505;
614, 12.630502, -30.992767, 1.330287;
615, 12.656653, -30.879847, 1.338021;
616, 12.686345, -30.742693, 1.344800;
617, 12.709843, -30.641216, 1.352746;
618, 12.731970, -30.541985, 1.363486;
619, 12.757514, -30.434026, 1.375427;
620, 12.786109, -30.304687, 1.389388;
621, 12.816787, -30.162003, 1.396725;
622, 12.835620, -30.058984, 1.392829;
623, 12.861428, -29.945944, 1.359110;
624, 12.882361, -29.823835, 1.360949;
625, 12.905052, -29.721701, 1.348594;
626, 12.925948, -29.610075, 1.324546;
627, 12.960324, -29.502770, 1.284591;
628, 12.981018, -29.374166, 1.282977;
629, 13.000925, -29.240706, 1.288921;
630, 13.018596, -29.054233, 1.269464;
631, 13.042383, -28.863295, 1.249644;
632, 13.070875, -28.774312, 1.230360;
633, 13.108277, -28.660966, 1.235098;
634, 13.135856, -28.578331, 1.242692;
635, 13.190384, -28.466419, 1.270637;
636, 13.219931, -28.350890, 1.303928;
637, 13.228014, -28.254413, 1.287519;
638, 13.276325, -28.150135, 1.302903;
639, 13.319671, -28.025805, 1.315590;
640, 13.342187, -27.904854, 1.299652;
641, 13.371828, -27.787879, 1.281106;
642, 13.404447, -27.692357, 1.259785;
643, 13.424680, -27.578072, 1.276896;
644, 13.460090, -27.456851, 1.285248;
645, 13.488136, -27.352290, 1.299194;
646, 13.514729, -27.247718, 1.309074;
647, 13.599270, -27.109215, 1.318895;
648, 13.625452, -27.007391, 1.315067;
649, 13.697444, -26.885861, 1.298526;
650, 13.730180, -26.763443, 1.305269;
651, 13.729364, -26.652843, 1.324596;
652, 13.757209, -26.530607, 1.335180;
653, 13.793501, -26.436219, 1.340856;
654, 13.814755, -26.335357, 1.354362;
655, 13.844258, -26.218104, 1.369680;
656, 13.900055, -26.102556, 1.378573;
657, 13.930911, -25.971747, 1.389149;
658, 13.941524, -25.820901, 1.400683;
659, 13.957414, -25.707174, 1.410125;
660, 13.973012, -25.601622, 1.417873;
661, 13.993995, -25.502447, 1.428858;
662, 14.022831, -25.371528, 1.353771;
663, 14.062586, -25.258949, 1.275756;
664, 14.098261, -25.137278, 1.280470;
665, 14.104976, -25.027088, 1.325468;
666, 14.130257, -24.901210, 1.338157;
667, 14.150631, -24.877269, 1.272118;
668, 14.199206, -24.769580, 1.189789;
669, 14.246132, -24.680550, 1.142565;
670, 14.300573, -24.593472, 1.056614;
671, 14.352519, -24.492897, 1.058253;
672, 14.393133, -24.385510, 1.150296;
673, 14.460848, -24.260830, 1.155869;
674, 14.494664, -24.166006, 1.197846;
675, 14.543186, -24.044733, 1.199630;
676, 14.610520, -23.904094, 1.197951;
677, 14.628878, -23.835747, 1.216088;
678, 14.673889, -23.714482, 1.217201;
679, 14.715041, -23.601598, 1.224007;
680, 14.751948, -23.499345, 1.224215;
681, 14.798113, -23.370996, 1.224780;
682, 14.842497, -23.248106, 1.225187;
683, 14.890863, -23.119205, 1.226672;
684, 14.933519, -22.999313, 1.226672;
685, 14.967879, -22.899130, 1.223545;
686, 15.015755, -22.770173, 1.225004;
687, 15.091416, -22.568862, 1.229085;
688, 15.121457, -22.505581, 1.228614;
689, 15.163711, -22.385568, 1.228614;
690, 15.208263, -22.266427, 1.229318;
691, 15.255134, -22.146430, 1.230905;
692, 15.299476, -22.027874, 1.231088;
693, 15.359694, -21.873420, 1.231472;
694, 15.388361, -21.790753, 1.231472;
695, 15.427445, -21.697525, 1.230155;
696, 15.469180, -21.582956, 1.234321;
697, 15.520271, -21.438746, 1.237958;
698, 15.564740, -21.325403, 1.238477;
699, 15.599519, -21.223565, 1.237098;
700, 15.650198, -21.086505, 1.239695;
701, 15.691570, -20.964698, 1.239772;
702, 15.728018, -20.879644, 1.240205;
703, 15.763135, -20.778044, 1.240205;
704, 15.803611, -20.658906, 1.244572;
705, 15.842681, -20.563739, 1.317018;
706, 15.883262, -20.453566, 1.282862;
707, 15.920841, -20.358624, 1.222344;
708, 15.964882, -20.254103, 1.192595;
709, 16.008927, -20.138129, 1.159033;
710, 16.068838, -20.023901, 1.076406;
711, 16.117841, -19.926210, 1.053206;
712, 16.170083, -19.838513, 1.041932;
713, 16.238464, -19.727413, 1.018064;
714, 16.293817, -19.646117, 0.988307;
715, 16.361552, -19.558699, 0.955431;
716, 16.433188, -19.471537, 0.921600;
717, 16.509777, -19.360644, 0.891088;
718, 16.588504, -19.250044, 0.807588;
719, 16.682164, -19.178305, 0.711460;
720, 16.780961, -19.117803, 0.613358;
721, 16.846564, -19.062366, 0.573161;
722, 16.934521, -19.007289, 0.560486;
723, 17.030685, -18.946253, 0.535100;
724, 17.138295, -18.884629, 0.525816;
725, 17.255845, -18.806968, 0.522074;
726, 17.355244, -18.768566, 0.516015;
727, 17.469476, -18.713524, 0.512985;
728, 17.564796, -18.660186, 0.496331;
729, 17.653657, -18.617030, 0.454635;
730, 17.758980, -18.573436, 0.413293;
731, 17.863229, -18.535334, 0.371872;
732, 17.963740, -18.487137, 0.356784;
733, 18.078804, -18.439439, 0.315802;
734, 18.198350, -18.402520, 0.310787;
735, 18.296628, -18.372525, 0.297520;
736, 18.412841, -18.344784, 0.253865;
737, 18.543064, -18.277213, 0.222098;
738, 18.646942, -18.244030, 0.207345;
739, 18.766027, -18.259485, 0.196553;
740, 18.866583, -18.252051, 0.185842;
741, 18.993225, -18.224403, 0.176621;
742, 19.112773, -18.204295, 0.165880;
743, 19.247178, -18.187063, 0.145167;
744, 19.372526, -18.171324, 0.133670;
745, 19.492432, -18.158225, 0.114268;
746, 19.594033, -18.140536, 0.092957;
747, 19.720773, -18.137292, 0.086678;
748, 19.848071, -18.125297, 0.096977;
749, 19.956060, -18.112678, 0.106263;
750, 20.086872, -18.050414, 0.093943;
751, 20.193338, -18.038701, 0.104604;
752, 20.319547, -18.041212, 0.100127;
753, 20.455591, -18.022479, 0.099684;
754, 20.564488, -18.009202, 0.107926;
755, 20.689577, -17.994108, 0.118588;
756, 20.810357, -17.988939, 0.123520;
757, 20.928716, -17.980656, 0.127744;
758, 21.035958, -17.978143, 0.069720;
759, 21.126526, -17.980141, 0.018523;
760, 21.264104, -17.956047, 0.061114;
761, 21.414859, -17.992147, 0.043071;
762, 21.508746, -17.995560, -0.009405;
763, 21.641061, -17.985909, 0.014128;
764, 21.768215, -17.982214, 0.024533;
765, 21.875934, -17.977939, 0.032356;
766, 21.985792, -17.987999, -0.008993;
767, 22.095703, -17.992067, 0.001633;
768, 22.202211, -17.990173, 0.008003;
769, 22.303526, -18.009694, -0.025830;
770, 22.414247, -18.021755, -0.077136;
771, 22.531859, -18.002344, -0.044714;
772, 22.638399, -18.005961, -0.037584;
773, 22.746274, -18.010912, -0.028266;
774, 22.873357, -18.041864, -0.045000;
775, 22.973190, -18.049453, -0.067078;
776, 23.097949, -18.080602, -0.112513;
777, 23.217687, -18.106371, -0.183370;
778, 23.358015, -18.118994, -0.165344;
779, 23.474185, -18.141736, -0.186983;
780, 23.582933, -18.172236, -0.236453;
781, 23.684182, -18.200511, -0.251438;
782, 23.791731, -18.229602, -0.281363;
783, 23.960631, -18.274300, -0.309488;
784, 24.085253, -18.310413, -0.302284;
785, 24.187188, -18.340541, -0.293156;
786, 24.308005, -18.374880, -0.283953;
787, 24.396441, -18.410082, -0.276132;
788, 24.530666, -18.479330, -0.265302;
789, 24.657864, -18.507511, -0.262911;
790, 24.782525, -18.538643, -0.252173;
791, 24.849004, -18.557458, -0.244737;
792, 24.971591, -18.585779, -0.234151;
793, 25.146943, -18.624354, -0.223747;
794, 25.272427, -18.651328, -0.213005;
795, 25.409806, -18.690085, -0.189814;
796, 25.514498, -18.708578, -0.180532;
797, 25.639048, -18.729260, -0.169871;
798, 25.742469, -18.766427, -0.182953;
799, 25.867883, -18.810160, -0.181607;
800, 25.985559, -18.853112, -0.139451;
801, 26.040550, -18.774008, -0.165588;
802, 26.140701, -18.791916, -0.173943;
803, 26.265713, -18.821578, -0.203115;
804, 26.383751, -18.849187, -0.216326;
805, 26.485060, -18.876181, -0.202592;
806, 26.562526, -18.898047, -0.182915;
807, 26.681836, -18.921488, -0.197016;
808, 26.780540, -18.964210, -0.227105;
809, 26.872101, -18.991656, -0.267995;
810, 26.986638, -19.027275, -0.283193;
811, 27.134497, -19.009702, -0.256433;
812, 27.258815, -19.039964, -0.245773;
813, 27.379577, -19.099068, -0.267925;
814, 27.467503, -19.130346, -0.263799;
815, 27.571687, -19.166449, -0.257152;
816, 27.694621, -19.196913, -0.247869;
817, 27.879167, -19.287046, -0.213646;
818, 27.980594, -19.309021, -0.216096;
819, 28.091684, -19.339668, -0.252676;
820, 28.008667, -19.240756, -0.273128;
821, 28.216143, -19.331583, -0.247709;
822, 28.401595, -19.403695, -0.223653;
823, 28.427924, -19.375927, -0.231898;
824, 28.470070, -19.361816, -0.234278;
825, 28.591741, -19.394651, -0.230312;
826, 28.716454, -19.421769, -0.219651;
827, 28.824482, -19.451989, -0.209153;
828, 28.926120, -19.480113, -0.223955;
829, 29.039176, -19.510829, -0.251034;
830, 29.166921, -19.533158, -0.248716;
831, 29.282675, -19.540955, -0.236955;
832, 29.361303, -19.552839, -0.229378;
833, 29.527000, -19.611254, -0.223694;
834, 29.631287, -19.644104, -0.216951;
835, 29.705740, -19.657339, -0.215704;
836, 29.817076, -19.679955, -0.208787;
837, 29.973241, -19.726959, -0.198259;
838, 30.090284, -19.755481, -0.193401;
839, 30.188477, -19.777117, -0.210648;
840, 30.290017, -19.785769, -0.227653;
841, 30.408429, -19.815898, -0.238775;
842, 30.685292, -19.945791, -0.188457;
843, 30.685922, -19.893777, -0.206419;
844, 30.767436, -19.899380, -0.224988;
845, 30.912684, -19.937306, -0.256233;
846, 31.022641, -19.965189, -0.255951;
847, 31.116292, -19.988854, -0.250167;
848, 31.237056, -20.017755, -0.240219;
849, 31.361557, -20.046283, -0.230935;
850, 31.447151, -20.064695, -0.223186;
851, 31.573954, -20.110909, -0.226328;
852, 31.664356, -20.153311, -0.217469;
853, 31.786940, -20.170056, -0.212667;
854, 31.914015, -20.194819, -0.208767;
855, 32.026331, -20.224449, -0.225696;
856, 32.130364, -20.246939, -0.217355;
857, 32.254929, -20.260918, -0.207167;
858, 32.353794, -20.283405, -0.225436;
859, 32.459674, -20.316657, -0.274523;
860, 32.575173, -20.356083, -0.278186;
861, 32.656369, -20.354720, -0.278589;
862, 32.776533, -20.387381, -0.278544;
863, 32.920262, -20.444403, -0.277460;
864, 33.006326, -20.469713, -0.277404;
865, 33.100779, -20.504452, -0.279155;
866, 33.222466, -20.539063, -0.274840;
867, 33.344239, -20.569548, -0.257126;
868, 33.471704, -20.601966, -0.228096;
869, 33.584657, -20.620772, -0.185602;
870, 33.681209, -20.632106, -0.144111;
871, 33.786401, -20.652655, -0.134245;
872, 33.921177, -20.680461, -0.108814;
873, 34.026553, -20.689501, -0.098810;
874, 34.125813, -20.686830, -0.082953;
875, 34.263930, -20.712317, -0.061909;
876, 34.383668, -20.715491, -0.033693;
877, 34.509388, -20.716959, -0.019299;
878, 34.634852, -20.730942, -0.016753;
879, 34.734941, -20.736067, -0.041286;
880, 34.848964, -20.748291, -0.081933;
881, 34.983669, -20.766833, -0.088116;
882, 35.098155, -20.777170, -0.064395;
883, 35.168750, -20.809504, -0.080534;
884, 35.294278, -20.819128, -0.074345;
885, 35.421827, -20.825987, -0.063761;
886, 35.565796, -20.838341, -0.070392;
887, 35.694508, -20.848876, -0.062626;
888, 35.795486, -20.875841, -0.082645;
889, 35.909611, -20.892623, -0.121215;
890, 36.009434, -20.908110, -0.162687;
891, 36.124116, -20.919606, -0.204593;
892, 36.245013, -20.935972, -0.186147;
893, 36.367980, -20.959881, -0.189678;
894, 36.512480, -21.028587, -0.238951;
895, 36.615825, -21.061711, -0.306572;
896, 36.721863, -21.097059, -0.386976;
897, 36.819516, -21.155536, -0.484857;
898, 36.908195, -21.192873, -0.569835;
899, 36.980327, -21.257226, -0.666598;
900, 37.054473, -21.338030, -0.764705;
901, 37.116184, -21.397748, -0.877920;
902, 37.182172, -21.479516, -0.974208;
903, 37.233175, -21.566001, -1.072478;
904, 37.292238, -21.672443, -1.184328;
905, 37.304969, -21.767600, -1.295562;
906, 37.290013, -21.882153, -1.461350;
907, 37.274679, -21.992777, -1.640297;
908, 37.250202, -22.090413, -1.939322;
909, 37.189919, -22.169960, -2.104079;
910, 37.103919, -22.238437, -2.342217;
911, 37.029953, -22.284221, -2.620801;
912, 36.942661, -22.268388, -3.098091;
913, 36.829927, -22.253155, 3.038707;
914, 36.751299, -22.234111, 2.988296;
915, 36.698637, -22.252063, 2.960877;
916, 36.608434, -22.260262, 2.959210;
917, 36.493515, -22.269324, 2.917794;
918, 36.387950, -22.259327, 2.894864;
919, 36.283529, -22.219047, 2.900393;
920, 36.168781, -22.186503, 2.839270;
921, 36.071190, -22.144437, 2.767648;
922, 35.963324, -22.087536, 2.694009;
923, 35.867410, -22.020164, 2.610781;
924, 35.750654, -21.973269, 2.604828;
925, 35.669166, -21.916043, 2.584996;
926, 35.575506, -21.850320, 2.587291;
927, 35.496105, -21.793870, 2.589357;
928, 35.409294, -21.745395, 2.629059;
929, 35.291611, -21.685739, 2.662066;
930, 35.179263, -21.631728, 2.679724;
931, 35.062823, -21.576116, 2.690697;
932, 34.980651, -21.508381, 2.667893;
933, 34.880878, -21.450830, 2.701904;
934, 34.764357, -21.398430, 2.711108;
935, 34.634264, -21.336538, 2.720546;
936, 34.553595, -21.302457, 2.729824;
937, 34.467366, -21.259989, 2.743475;
938, 34.357955, -21.211776, 2.756689;
939, 34.243843, -21.164789, 2.766676;
940, 34.117687, -21.115434, 2.770480;
941, 34.004000, -21.069412, 2.763352;
942, 33.922605, -21.037156, 2.762965;
943, 33.802310, -20.985589, 2.777733;
944, 33.703631, -20.948967, 2.793351;
945, 33.602402, -20.913741, 2.802474;
946, 33.473028, -20.858532, 2.823211;
947, 33.388144, -20.818133, 2.834300;
948, 33.300823, -20.785117, 2.842912;
949, 33.119883, -20.740588, 2.842705;
950, 32.995220, -20.704646, 2.832147;
951, 32.877355, -20.664864, 2.821486;
952, 32.759623, -20.623677, 2.810753;
953, 32.664013, -20.592903, 2.813890;
954, 32.560572, -20.564097, 2.817574;
955, 32.443366, -20.526731, 2.833052;
956, 32.328213, -20.496702, 2.868870;
957, 32.217225, -20.454627, 2.865146;
958, 32.094786, -20.421157, 2.874265;
959, 31.991374, -20.353416, 2.881944;
960, 31.881467, -20.341520, 2.892081;
961, 31.757530, -20.314886, 2.902724;
962, 31.632773, -20.287380, 2.913458;
963, 31.503707, -20.267274, 2.914140;
964, 31.387285, -20.231908, 2.892885;
965, 31.272478, -20.196700, 2.862691;
966, 31.175731, -20.165784, 2.848033;
967, 31.059197, -20.144885, 2.902243;
968, 30.953784, -20.120828, 2.911450;
969, 30.842784, -20.084439, 2.893270;
970, 30.719920, -20.054842, 2.903856;
971, 30.609899, -20.043621, 2.890732;
972, 30.487203, -20.013925, 2.901392;
973, 30.369709, -19.983540, 2.888823;
974, 30.253996, -19.929022, 2.862302;
975, 30.157476, -19.938890, 2.849766;
976, 30.056065, -19.910848, 2.857577;
977, 29.930634, -19.897641, 2.879966;
978, 29.807216, -19.866997, 2.890617;
979, 29.679762, -19.782914, 2.885975;
980, 29.562706, -19.749484, 2.872778;
981, 29.461855, -19.705679, 2.822659;
982, 29.348754, -19.665468, 2.809000;
983, 29.246351, -19.631422, 2.818568;
984, 29.135195, -19.628588, 2.860554;
985, 29.011225, -19.570838, 2.853484;
986, 28.888231, -19.535625, 2.862762;
987, 28.756410, -19.487613, 2.854565;
988, 28.644444, -19.450547, 2.828867;
989, 28.538469, -19.428191, 2.836883;
990, 28.416269, -19.391715, 2.847171;
991, 28.308607, -19.363637, 2.863936;
992, 28.206162, -19.335597, 2.873137;
993, 28.084302, -19.302656, 2.875062;
994, 27.952054, -19.260498, 2.863938;
995, 27.814527, -19.232585, 2.863797;
996, 27.714433, -19.204048, 2.863215;
997, 27.602649, -19.171118, 2.860696;
998, 27.479998, -19.140659, 2.859447;
999, 27.394598, -19.134458, 2.854593;
1000, 27.270531, -19.099038, 2.854386;
1001, 27.133965, -19.062573, 2.853658;
1002, 27.030947, -19.032281, 2.853658;
1003, 26.948159, -19.008013, 2.853658;
1004, 26.810680, -18.962273, 2.838884;
1005, 26.708519, -18.921404, 2.794343;
1006, 26.610190, -18.879846, 2.824405;
1007, 26.482089, -18.836909, 2.835560;
1008, 26.343853, -18.789315, 2.847606;
1009, 26.239815, -18.759052, 2.853978;
1010, 26.153731, -18.719630, 2.854868;
1011, 26.037745, -18.687150, 2.863325;
1012, 25.890728, -18.646215, 2.869550;
1013, 25.789501, -18.617553, 2.867177;
1014, 25.694235, -18.587939, 2.848091;
1015, 25.592881, -18.544767, 2.810010;
1016, 25.480829, -18.504369, 2.808465;
1017, 25.365168, -18.478005, 2.834015;
1018, 25.237293, -18.445320, 2.841816;
1019, 25.114557, -18.409249, 2.851124;
1020, 24.985371, -18.361494, 2.845049;
1021, 24.879263, -18.325313, 2.842490;
1022, 24.774080, -18.286164, 2.838972;
1023, 24.672299, -18.255830, 2.846170;
1024, 24.551068, -18.220418, 2.855306;
1025, 24.449593, -18.193574, 2.875061;
1026, 24.318374, -18.155315, 2.879970;
1027, 24.198980, -18.115771, 2.905657;
1028, 24.078394, -18.080728, 2.930642;
1029, 23.946959, -18.067259, 2.939118;
1030, 23.853397, -18.060705, 2.945695;
1031, 23.729146, -18.045179, 2.946577;
1032, 23.594386, -18.021350, 2.920747;
1033, 23.490952, -17.998697, 2.925183;
1034, 23.366870, -17.973464, 2.935693;
1035, 23.271577, -17.964274, 2.985682;
1036, 23.149631, -17.922522, 2.968596;
1037, 23.042773, -17.875887, 2.978788;
1038, 22.935938, -17.840472, 2.987807;
1039, 22.846580, -17.840181, 2.990124;
1040, 22.720566, -17.823280, 2.999412;
1041, 22.589408, -17.803378, 3.017051;
1042, 22.484424, -17.793050, 3.037990;
1043, 22.366569, -17.786091, 3.066734;
1044, 22.230082, -17.796228, 3.078645;
1045, 22.124045, -17.778725, 3.099525;
1046, 21.998979, -17.766939, 3.114804;
1047, 21.886574, -17.785570, 3.125466;
1048, 21.760159, -17.785434, 3.136122;
1049, 21.649182, -17.754223, -3.131505;
1050, 21.522258, -17.755727, -3.129743;
1051, 21.386635, -17.764431, -3.122318;
1052, 21.260552, -17.766912, -3.123771;
1053, 21.139562, -17.766413, -3.138407;
1054, 21.042347, -17.761816, 3.111944;
1055, 20.901199, -17.738325, 3.078782;
1056, 20.767622, -17.730111, 3.063861;
1057, 20.643116, -17.741481, 3.012473;
1058, 20.530366, -17.724866, 2.961957;
1059, 20.396759, -17.704572, 2.943684;
1060, 20.289554, -17.684255, 2.940965;
1061, 20.187273, -17.657074, 2.927328;
1062, 20.064887, -17.628882, 2.923486;
1063, 19.960834, -17.605465, 2.920495;
1064, 19.840189, -17.576156, 2.908687;
1065, 19.716415, -17.543803, 2.865302;
1066, 19.609367, -17.509709, 2.818345;
1067, 19.500644, -17.459159, 2.828788;
1068, 19.414208, -17.422528, 2.786175;
1069, 19.297709, -17.358708, 2.724027;
1070, 19.204875, -17.304078, 2.650392;
1071, 19.104269, -17.281019, 2.579469;
1072, 19.007593, -17.206106, 2.505976;
1073, 18.928536, -17.133158, 2.432383;
1074, 18.854319, -17.055655, 2.368911;
1075, 18.756323, -16.952612, 2.298691;
1076, 18.703011, -16.877878, 2.233801;
1077, 18.626362, -16.794803, 2.179459;
1078, 18.575322, -16.701102, 2.116584;
1079, 18.526125, -16.597543, 2.070134;
1080, 18.477810, -16.495706, 2.026262;
1081, 18.431048, -16.395677, 1.959178;
1082, 18.396888, -16.277451, 1.890001;
1083, 18.365810, -16.180951, 1.885069;
1084, 18.341752, -16.074613, 1.817983;
1085, 18.304062, -15.970576, 1.812507;
1086, 18.277196, -15.852330, 1.795254;
1087, 18.261428, -15.739420, 1.751337;
1088, 18.250993, -15.645331, 1.712762;
1089, 18.228586, -15.512363, 1.723638;
1090, 18.207013, -15.387307, 1.732761;
1091, 18.199113, -15.289003, 1.715762;
1092, 18.181787, -15.183434, 1.723510;
1093, 18.164188, -15.079349, 1.731173;
1094, 18.147307, -14.952595, 1.724652;
1095, 18.145545, -14.822128, 1.685422;
1096, 18.139993, -14.710490, 1.641570;
1097, 18.132057, -14.601468, 1.633133;
1098, 18.126868, -14.480334, 1.624998;
1099, 18.118129, -14.389901, 1.567619;
1100, 18.131249, -14.269608, 1.495377;
1101, 18.152069, -14.146433, 1.487459;
1102, 18.162281, -14.022550, 1.485911;
1103, 18.177841, -13.931050, 1.434942;
1104, 18.196653, -13.832326, 1.407217;
1105, 18.208937, -13.723926, 1.391685;
1106, 18.239421, -13.599211, 1.354968;
1107, 18.262213, -13.496619, 1.356341;
1108, 18.287894, -13.397173, 1.371626;
1109, 18.313943, -13.275566, 1.361895;
1110, 18.313202, -13.152497, 1.344933;
1111, 18.340969, -13.032213, 1.345457;
1112, 18.409324, -12.898983, 1.349359;
1113, 18.433916, -12.796091, 1.340855;
1114, 18.463188, -12.678694, 1.331647;
1115, 18.487168, -12.591201, 1.325872;
1116, 18.513073, -12.462274, 1.339808;
1117, 18.540579, -12.337430, 1.350469;
1118, 18.562563, -12.214922, 1.348697;
1119, 18.585808, -12.067105, 1.342081;
1120, 18.615676, -11.969397, 1.341187;
1121, 18.649404, -11.868238, 1.332362;
1122, 18.676594, -11.747850, 1.340718;
1123, 18.706482, -11.618128, 1.352192;
1124, 18.730144, -11.515386, 1.349044;
1125, 18.745822, -11.405995, 1.414435;
1126, 18.764694, -11.277645, 1.508672;
1127, 18.773071, -11.135448, 1.535429;
1128, 18.778075, -11.048469, 1.570614;
1129, 18.777106, -10.954798, 1.587722;
1130, 18.777430, -10.815765, 1.591501;
1131, 18.777176, -10.679098, 1.595520;
1132, 18.776844, -10.576960, 1.600249;
1133, 18.774486, -10.474278, 1.606131;
1134, 18.756904, -10.352247, 1.687898;
1135, 18.723303, -10.244412, 1.797078;
1136, 18.699735, -10.109064, 1.908933;
1137, 18.663503, -10.039279, 1.994280;
1138, 18.623167, -9.930192, 2.096364;
1139, 18.559599, -9.836351, 2.214593;
1140, 18.476734, -9.756232, 2.332988;
1141, 18.401400, -9.692331, 2.447529;
1142, 18.329115, -9.627191, 2.563716;
1143, 18.260218, -9.548356, 2.672845;
1144, 18.151745, -9.516432, 2.783257;
1145, 18.060584, -9.492105, 2.839813;
1146, 17.965601, -9.467917, 2.871652;
1147, 17.865675, -9.422643, 2.920131;
1148, 17.727402, -9.418572, 2.949124;
1149, 17.631560, -9.391047, 2.986409;
1150, 17.519359, -9.348720, 3.031947;
1151, 17.401069, -9.333345, 3.062086;
1152, 17.318640, -9.335850, 3.086100;
1153, 17.193840, -9.331120, 3.096750;
1154, 17.084396, -9.319780, 3.122613;
1155, 16.958036, -9.317292, 3.123077;
1156, 16.833340, -9.314475, 3.118709;
1157, 16.730963, -9.309361, 3.099531;
1158, 16.582137, -9.290745, 3.062707;
1159, 16.465268, -9.267433, 3.000885;
1160, 16.352109, -9.243423, 2.962215;
1161, 16.330483, -9.261720, 2.970917;
1162, 16.230122, -9.260427, 2.945293;
1163, 16.109240, -9.237451, 2.936871;
1164, 15.920147, -9.184016, 2.929445;
1165, 15.816320, -9.163876, 2.940030;
1166, 15.692097, -9.139399, 2.949310;
1167, 15.585933, -9.120679, 2.957056;
1168, 15.479693, -9.101749, 2.961730;
1169, 15.387595, -9.068720, 2.950601;
1170, 15.261158, -9.036199, 2.950654;
1171, 15.155160, -9.006534, 2.898214;
1172, 15.043890, -8.965742, 2.836669;
1173, 14.944670, -8.936476, 2.850750;
1174, 14.790767, -8.916368, 2.899457;
1175, 14.665967, -8.887218, 2.908734;
1176, 14.541616, -8.859525, 2.917934;
1177, 14.447696, -8.839267, 2.922775;
1178, 14.358291, -8.793314, 2.896828;
1179, 14.307189, -8.768957, 2.904364;
1180, 14.185847, -8.741609, 2.914759;
1181, 14.064625, -8.713456, 2.921978;
1182, 13.955271, -8.691516, 2.931347;
1183, 13.801735, -8.664229, 2.899241;
1184, 13.693045, -8.629900, 2.861031;
1185, 13.605076, -8.601055, 2.880448;
1186, 13.482488, -8.569481, 2.888489;
1187, 13.358673, -8.539204, 2.897688;
1188, 13.254136, -8.514688, 2.906895;
1189, 13.118239, -8.486273, 2.916280;
1190, 12.979513, -8.435479, 2.908416;
1191, 12.859071, -8.406908, 2.911620;
1192, 12.752762, -8.375578, 2.900899;
1193, 12.671782, -8.356112, 2.909222;
1194, 12.568868, -8.331725, 2.917478;
1195, 12.473420, -8.304470, 2.920309;
1196, 12.379756, -8.279131, 2.892630;
1197, 12.271017, -8.245998, 2.862027;
1198, 12.158341, -8.207490, 2.831671;
1199, 12.048666, -8.171284, 2.841107;
1200, 11.862980, -8.136302, 2.880698;
1201, 11.810305, -8.121055, 2.871152;
1202, 11.707096, -8.091801, 2.864332;
1203, 11.549098, -8.037075, 2.845733;
1204, 11.447718, -8.004616, 2.835066;
1205, 11.315463, -7.961752, 2.835676;
1206, 11.194809, -7.924727, 2.841042;
1207, 11.090574, -7.893809, 2.854465;
1208, 10.978052, -7.867168, 2.888654;
1209, 10.844991, -7.838049, 2.917614;
1210, 10.715630, -7.792591, 2.904022;
1211, 10.615993, -7.767939, 2.900033;
1212, 10.555390, -7.736705, 2.872871;
1213, 10.395313, -7.691284, 2.867153;
1214, 10.275857, -7.657167, 2.866214;
1215, 10.166624, -7.637310, 2.898284;
1216, 10.063611, -7.613002, 2.907483;
1217, 9.959987, -7.590024, 2.915227;
1218, 9.874848, -7.571725, 2.924355;
1219, 9.734218, -7.528728, 2.913963;
1220, 9.607130, -7.482433, 2.883827;
1221, 9.530279, -7.446803, 2.855838;
1222, 9.418863, -7.408345, 2.825236;
1223, 9.268313, -7.370136, 2.836671;
1224, 9.172103, -7.336938, 2.809328;
1225, 9.058894, -7.303754, 2.831844;
1226, 8.963794, -7.279966, 2.871264;
1227, 8.850314, -7.255189, 2.909692;
1228, 8.729271, -7.219709, 2.908277;
1229, 8.607361, -7.183345, 2.895479;
1230, 8.502653, -7.136901, 2.864049;
1231, 8.302950, -7.092867, 2.879017;
1232, 8.198036, -7.066278, 2.888142;
1233, 8.069973, -7.032050, 2.882281;
1234, 7.972064, -7.003226, 2.866548;
1235, 7.841356, -6.963514, 2.871215;
1236, 7.721729, -6.928044, 2.860475;
1237, 7.601867, -6.891924, 2.851201;
1238, 7.501399, -6.859661, 2.842000;
1239, 7.382367, -6.824469, 2.862822;
1240, 7.273621, -6.797401, 2.884879;
1241, 7.088890, -6.740712, 2.904881;
1242, 6.984988, -6.715851, 2.908031;
1243, 6.905512, -6.684072, 2.886987;
1244, 6.787003, -6.651356, 2.876321;
1245, 6.683865, -6.629368, 2.893930;
1246, 6.579751, -6.604279, 2.902816;
1247, 6.457592, -6.574879, 2.903284;
1248, 6.358712, -6.548026, 2.885816;
1249, 6.247191, -6.515674, 2.862474;
1250, 6.156459, -6.481879, 2.855110;
1251, 6.016040, -6.447531, 2.870556;
1252, 5.893884, -6.414215, 2.872173;
1253, 5.753658, -6.370545, 2.859649;
1254, 5.650577, -6.340417, 2.859649;
1255, 5.530796, -6.298799, 2.859999;
1256, 5.406556, -6.263452, 2.859999;
1257, 5.285448, -6.228025, 2.859999;
1258, 5.182714, -6.198351, 2.859999;
1259, 5.067687, -6.155906, 2.852476;
1260, 4.932208, -6.112089, 2.849560;
1261, 4.807825, -6.074412, 2.876078;
1262, 4.706871, -6.050516, 2.893573;
1263, 4.536298, -5.993814, 2.882845;
1264, 4.412551, -5.961583, 2.884297;
1265, 4.319932, -5.931496, 2.896760;
1266, 4.206729, -5.897761, 2.869330;
1267, 4.132411, -5.872524, 2.830002;
1268, 4.023465, -5.830921, 2.804675;
1269, 3.881965, -5.781142, 2.804449;
1270, 3.786996, -5.774541, 2.835907;
1271, 3.667411, -5.736874, 2.835907;
1272, 3.337595, -5.628022, 2.839880;
1273, 3.215556, -5.591898, 2.849166;
1274, 3.113170, -5.553251, 2.844495;
1275, 3.023713, -5.524703, 2.852818;
1276, 2.864895, -5.460951, 2.857004;
1277, 2.742238, -5.427101, 2.866291;
1278, 2.657588, -5.404323, 2.875488;
1279, 2.541260, -5.373373, 2.885864;
1280, 2.442058, -5.343410, 2.894903;
1281, 2.338074, -5.306844, 2.878553;
1282, 2.225753, -5.254263, 2.816983;
1283, 2.134856, -5.218976, 2.797394;
1284, 2.001634, -5.201142, 2.864322;
1285, 1.900860, -5.174833, 2.874829;
1286, 1.748685, -5.128633, 2.842269;
1287, 1.657107, -5.095461, 2.809233;
1288, 1.549930, -5.052985, 2.782697;
1289, 1.430696, -5.009163, 2.788656;
1290, 1.337835, -4.940996, 2.782357;
1291, 1.249752, -4.918730, 2.714266;
1292, 1.135973, -4.851527, 2.707258;
1293, 1.013659, -4.798894, 2.714470;
1294, 0.880809, -4.746065, 2.721359;
1295, 0.781524, -4.703052, 2.729112;
1296, 0.745205, -4.632692, 2.739912;
1297, 0.629662, -4.585019, 2.749112;
1298, 0.510932, -4.538098, 2.759769;
1299, 0.434697, -4.508759, 2.767550;
1300, 0.344461, -4.468999, 2.773334;
1301, 0.224225, -4.414089, 2.769857;
1302, 0.124098, -4.388970, 2.734312;
1303, 0.010182, -4.363853, 2.682224;
1304, -0.054332, -4.276810, 2.681190;
1305, -0.156012, -4.219221, 2.650879;
1306, -0.240616, -4.162035, 2.635182;
1307, -0.340228, -4.090607, 2.617948;
1308, -0.445729, -4.027936, 2.608742;
1309, -0.530991, -3.964249, 2.539814;
1310, -0.671052, -3.903795, 2.449933;
1311, -0.772379, -3.815151, 2.389013;
1312, -0.844255, -3.741356, 2.352073;
1313, -0.914615, -3.666995, 2.339407;
1314, -0.997583, -3.577735, 2.328660;
1315, -1.120468, -3.488427, 2.294691;
1316, -1.192715, -3.406957, 2.244292;
1317, -1.255980, -3.323749, 2.174070;
1318, -1.311022, -3.228592, 2.129591;
1319, -1.370346, -3.126683, 2.107015;
1320, -1.424989, -3.036238, 2.111768;
1321, -1.521869, -2.922314, 2.142266;
1322, -1.516333, -2.845722, 2.133961;
1323, -1.526123, -2.692820, 2.129755;
1324, -1.609652, -2.602681, 2.160690;
1325, -1.689937, -2.518189, 2.205121;
1326, -1.764179, -2.434117, 2.255807;
1327, -1.809981, -2.349596, 2.300515;
1328, -1.903474, -2.268562, 2.384436;
1329, -1.989706, -2.205991, 2.470464;
1330, -2.081609, -2.147283, 2.530151;
1331, -2.161234, -2.074415, 2.569961;
1332, -2.263739, -1.990044, 2.630175;
1333, -2.370163, -1.973706, 2.702769;
1334, -2.473634, -1.940909, 2.725678;
1335, -2.603825, -1.842057, 2.730870;
1336, -2.702575, -1.800762, 2.741610;
1337, -2.799425, -1.752897, 2.770233;
1338, -2.918762, -1.707452, 2.776601;
1339, -3.029763, -1.661723, 2.757968;
1340, -3.133786, -1.613129, 2.724921;
1341, -3.222496, -1.565773, 2.668515;
1342, -3.336669, -1.497270, 2.600857;
1343, -3.416577, -1.435168, 2.508284;
1344, -3.513891, -1.346453, 2.453722;
1345, -3.595963, -1.300192, 2.355249;
1346, -3.653418, -1.222668, 2.258571;
1347, -3.730594, -1.130515, 2.162193;
1348, -3.779444, -1.020863, 2.050942;
1349, -3.813403, -0.909745, 1.938947;
1350, -3.833566, -0.806621, 1.828387;
1351, -3.858454, -0.704531, 1.716818;
1352, -3.870130, -0.596361, 1.597111;
1353, -3.835022, -0.475992, 1.486516;
1354, -3.838741, -0.361349, 1.374991;
1355, -3.781322, -0.287938, 1.268424;
1356, -3.737212, -0.204153, 1.169802;
1357, -3.712744, -0.108573, 1.077260;
1358, -3.638687, -0.038894, 0.952505;
1359, -3.583753, 0.015074, 0.865396;
1360, -3.554988, 0.108307, 0.795291;
1361, -3.466769, 0.173014, 0.699026;
1362, -3.384153, 0.221904, 0.600468;
1363, -3.298756, 0.263347, 0.503780;
1364, -3.175093, 0.340296, 0.440016;
1365, -3.063339, 0.378740, 0.350902;
1366, -3.013193, 0.420456, 0.255629;
1367, -2.916716, 0.445844, 0.142206;
1368, -2.792539, 0.431527, 0.019458;
1369, -2.678447, 0.505541, -0.075224;
1370, -2.582374, 0.483933, -0.173325;
1371, -2.473272, 0.456800, -0.203029;
1372, -2.349446, 0.431944, -0.197061;
1373, -2.191444, 0.404058, -0.205583;
1374, -2.080533, 0.368738, -0.252500;
1375, -2.022488, 0.313683, -0.264878;
1376, -1.931949, 0.296311, -0.257709;
1377, -1.762695, 0.273634, -0.250606;
1378, -1.643472, 0.149578, -0.243375;
1379, -1.561815, 0.132278, -0.247899;
1380, -1.437860, 0.102436, -0.238696;
1381, -1.333012, 0.077615, -0.238231;
1382, -1.224365, 0.044170, -0.286307;
1383, -1.116412, -0.007610, -0.382075;
1384, -1.009266, -0.058422, -0.501418;
1385, -0.918128, -0.072373, -0.652637;
1386, -0.836861, -0.188625, -0.730505;
1387, -0.768467, -0.250103, -0.909175;
1388, -0.738014, -0.352291, -1.146622;
1389, -0.708593, -0.488360, -1.283859;
1390, -0.693170, -0.563102, -1.398906;
1391, -0.675697, -0.650603, -1.516092;
1392, -0.673331, -0.753879, -1.536893;
1393, -0.679328, -0.856485, -1.604706;
1394, -0.699417, -0.967885, -1.694246;
1395, -0.715588, -1.078894, -1.730738;
1396, -0.748149, -1.168188, -1.854847;
1397, -0.752807, -1.251209, -1.914799;
1398, -0.807032, -1.350482, -2.012835;
1399, -0.824752, -1.476938, -2.090358;
1400, -0.902283, -1.552810, -2.214541;
1401, -0.981893, -1.630088, -2.311268;
1402, -1.076513, -1.717758, -2.384042;
1403, -1.157906, -1.773934, -2.476349;
1404, -1.238013, -1.829317, -2.513060;
1405, -1.342002, -1.886732, -2.602175;
1406, -1.419930, -1.948682, -2.701132;
1407, -1.514003, -1.976816, -2.799211;
1408, -1.634252, -1.999046, -2.910299;
1409, -1.755854, -2.006668, -3.014215;
1410, -1.858987, -2.010862, -3.111800;
1411, -1.966908, -2.007106, 3.092707;
1412, -2.014517, -2.046389, 3.051768;
1413, -2.117465, -2.025773, 2.979944;
1414, -2.234390, -2.002632, 2.958725;
1415, -2.340361, -1.973306, 2.906813;
1416, -2.443237, -1.964585, 2.883109;
1417, -2.565913, -1.932526, 2.865839;
1418, -2.685865, -1.888534, 2.799394;
1419, -2.793206, -1.824421, 2.723437;
1420, -2.903674, -1.769154, 2.651053;
1421, -3.051303, -1.715512, 2.580273;
1422, -3.142219, -1.649635, 2.537702;
1423, -3.229555, -1.579198, 2.496304;
1424, -3.305402, -1.515962, 2.466514;
1425, -3.400804, -1.437168, 2.457763;
1426, -3.478154, -1.388255, 2.383631;
1427, -3.523590, -1.282058, 2.292787;
1428, -3.569459, -1.183574, 2.196808;
1429, -3.604457, -1.096081, 2.097985;
1430, -3.691660, -1.010773, 1.992096;
1431, -3.760942, -0.898558, 1.880475;
1432, -3.777235, -0.788243, 1.781697;
1433, -3.782598, -0.677826, 1.683567;
1434, -3.777813, -0.581612, 1.586787;
1435, -3.764138, -0.488436, 1.488693;
1436, -3.762171, -0.364505, 1.405859;
1437, -3.759967, -0.274004, 1.284797;
1438, -3.708841, -0.171343, 1.161490;
1439, -3.645742, -0.078383, 1.046461;
1440, -3.602364, 0.001278, 0.949752;
1441, -3.571911, 0.062451, 0.858991;
1442, -3.499804, 0.145777, 0.756096;
1443, -3.416518, 0.200893, 0.640556;
1444, -3.315770, 0.245781, 0.500764;
1445, -3.220521, 0.272667, 0.359494;
1446, -3.112727, 0.294638, 0.262070;
1447, -3.036754, 0.357785, 0.179450;
1448, -2.926643, 0.426134, 0.059691;
1449, -2.779641, 0.367438, -0.053151;
1450, -2.682412, 0.348735, -0.140274;
1451, -2.623772, 0.355802, -0.214604;
1452, -2.527152, 0.336991, -0.213153;
1453, -2.354649, 0.311256, -0.204507;
1454, -2.228687, 0.286872, -0.193842;
1455, -2.122633, 0.267542, -0.184560;
1456, -1.998164, 0.246249, -0.173900;
1457, -1.908950, 0.250152, -0.165812;
1458, -1.784692, 0.231164, -0.155234;
1459, -1.649127, 0.198915, -0.188112;
1460, -1.538938, 0.141381, -0.176573;
1461, -1.402966, 0.105681, -0.169977;
1462, -1.276907, 0.085729, -0.160857;
1463, -1.181920, 0.114963, -0.140808;
1464, -1.075357, 0.100010, -0.139195;
1465, -0.952201, 0.081944, -0.144944;
1466, -0.851706, 0.063833, -0.162735;
1467, -0.687623, -0.028192, -0.179233;
1468, -0.576961, -0.021378, -0.182146;
1469, -0.451563, -0.041955, -0.177795;
1470, -0.318466, -0.013403, -0.157616;
1471, -0.198166, -0.013785, -0.113312;
1472, -0.190495, -0.002502, -0.108190;
