0, -0.000000, -0.000000, -3.141593
1, -0.577467, -0.365333, -2.612782
2, -0.668131, -0.416289, -2.623517
3, -0.757304, -0.465489, -2.632874
4, -0.865036, -0.524907, -2.632424
5, -0.922528, -0.580885, -2.582695
6, -1.004533, -0.649555, -2.493419
7, -1.106332, -0.742917, -2.441226
8, -1.178851, -0.812688, -2.391900
9, -1.248384, -0.922820, -2.297533
10, -1.305210, -1.011488, -2.200632
11, -1.382250, -1.115124, -2.101422
12, -1.428082, -1.225010, -2.004455
13, -1.448252, -1.327773, -1.898417
14, -1.468061, -1.443311, -1.799699
15, -1.494915, -1.556428, -1.696034
16, -1.491874, -1.659456, -1.597235
17, -1.490129, -1.763142, -1.574955
18, -1.517918, -1.881632, -1.561082
19, -1.514637, -2.003382, -1.544359
20, -1.482205, -2.102904, -1.475853
21, -1.458491, -2.206621, -1.391968
22, -1.426343, -2.335562, -1.305498
23, -1.388339, -2.440715, -1.257330
24, -1.368625, -2.550832, -1.254581
25, -1.332790, -2.653874, -1.245215
26, -1.297699, -2.753972, -1.236014
27, -1.192947, -2.912628, -1.220039
28, -1.153880, -3.014528, -1.210676
29, -1.070352, -3.104985, -1.176863
30, -1.017177, -3.188626, -1.073806
31, -0.971938, -3.283348, -0.991147
32, -0.902656, -3.372959, -0.937874
33, -0.809959, -3.487943, -0.854974
34, -0.728302, -3.573286, -0.820582
35, -0.677729, -3.627151, -0.766112
36, -0.604755, -3.685245, -0.703166
37, -0.521026, -3.748582, -0.639921
38, -0.436362, -3.804672, -0.608710
39, -0.356061, -3.860314, -0.583025
40, -0.251706, -3.922698, -0.557409
41, -0.119939, -3.999338, -0.553223
42, -0.012714, -4.061503, -0.536961
43, 0.075619, -4.104190, -0.493206
44, 0.178872, -4.141800, -0.453716
45, 0.276629, -4.187418, -0.442362
46, 0.381466, -4.234245, -0.427572
47, 0.495564, -4.284017, -0.416834
48, 0.618845, -4.338029, -0.405526
49, 0.737156, -4.386418, -0.394788
50, 0.837522, -4.426634, -0.385431
51, 0.963493, -4.463687, -0.368053
52, 1.083250, -4.507718, -0.357313
53, 1.185469, -4.552026, -0.341094
54, 1.281698, -4.587466, -0.352432
55, 1.364456, -4.626076, -0.399700
56, 1.466768, -4.684672, -0.480696
57, 1.589826, -4.758750, -0.531246
58, 1.682020, -4.812698, -0.529158
59, 1.790134, -4.869518, -0.517443
60, 1.878479, -4.930360, -0.567874
61, 1.967011, -4.979946, -0.595514
62, 2.090511, -5.020500, -0.515484
63, 2.182933, -5.054781, -0.411816
64, 2.289862, -5.113068, -0.328771
65, 2.407759, -5.150085, -0.316776
66, 2.538332, -5.205948, -0.313250
67, 2.639773, -5.237373, -0.304363
68, 2.742305, -5.267878, -0.295148
69, 2.834579, -5.264962, -0.272518
70, 2.955693, -5.296643, -0.261941
71, 3.064617, -5.358592, -0.274977
72, 3.184464, -5.440374, -0.299083
73, 3.306600, -5.475976, -0.288498
74, 3.411769, -5.505109, -0.279140
75, 3.543648, -5.528026, -0.256517
76, 3.703374, -5.549639, -0.230883
77, 3.802277, -5.568085, -0.211249
78, 3.881644, -5.587228, -0.247076
79, 3.987762, -5.627970, -0.329550
80, 4.098196, -5.669106, -0.338194
81, 4.226775, -5.710492, -0.323574
82, 4.345768, -5.749195, -0.301495
83, 4.442759, -5.776253, -0.265605
84, 4.544591, -5.801388, -0.252241
85, 4.702588, -5.798974, -0.195131
86, 4.828303, -5.822030, -0.184392
87, 4.937746, -5.860029, -0.202045
88, 5.050897, -5.887380, -0.227036
89, 5.171756, -5.935793, -0.253710
90, 5.277959, -5.977963, -0.267214
91, 5.397032, -6.010213, -0.262096
92, 5.520420, -6.042701, -0.262096
93, 5.625455, -6.071144, -0.262096
94, 5.746639, -6.103936, -0.262096
95, 5.916458, -6.126690, -0.221421
96, 6.038076, -6.154245, -0.221421
97, 6.162132, -6.185699, -0.230310
98, 6.286635, -6.215204, -0.231689
99, 6.376180, -6.244510, -0.236248
100, 6.486235, -6.273369, -0.235304
101, 6.613161, -6.305550, -0.234864
102, 6.739416, -6.341738, -0.236815
103, 6.829421, -6.365648, -0.237834
104, 6.933806, -6.391887, -0.236969
105, 7.058010, -6.420227, -0.226541
106, 7.158946, -6.445086, -0.224289
107, 7.297692, -6.476601, -0.209136
108, 7.411009, -6.499699, -0.196332
109, 7.515475, -6.518582, -0.185596
110, 7.647698, -6.553171, -0.204229
111, 7.743658, -6.578624, -0.241807
112, 7.851621, -6.612211, -0.283066
113, 8.001792, -6.668896, -0.312185
114, 8.093229, -6.704949, -0.354514
115, 8.245669, -6.763680, -0.389653
116, 8.346895, -6.813349, -0.431067
117, 8.506227, -6.870027, -0.454922
118, 8.621928, -6.902108, -0.359745
119, 8.713546, -6.927630, -0.307887
120, 8.782828, -6.918453, -0.254417
121, 8.946341, -6.966729, -0.248586
122, 9.061429, -6.996329, -0.244029
123, 9.150492, -7.030661, -0.249402
124, 9.266935, -7.062864, -0.250720
125, 9.353478, -7.085204, -0.250720
126, 9.378564, -7.153039, -0.306226
127, 9.463622, -7.180213, -0.306226
128, 9.592003, -7.193231, -0.247141
129, 9.716273, -7.217621, -0.231144
130, 9.863794, -7.252207, -0.220188
131, 9.993660, -7.279108, -0.209357
132, 10.137243, -7.302053, -0.190239
133, 10.264730, -7.323529, -0.178485
134, 10.372081, -7.341015, -0.170504
135, 10.458524, -7.354749, -0.161455
136, 10.518917, -7.367566, -0.157373
137, 10.640334, -7.384785, -0.147181
138, 10.737417, -7.398020, -0.135535
139, 10.872222, -7.424469, -0.149480
140, 10.983410, -7.455556, -0.225480
141, 11.176128, -7.502437, -0.221495
142, 11.301213, -7.529337, -0.212250
143, 11.426225, -7.556575, -0.201490
144, 11.536180, -7.594462, -0.284095
145, 11.676091, -7.603427, -0.253586
146, 11.779118, -7.629446, -0.250575
147, 11.881921, -7.655603, -0.249088
148, 12.005802, -7.718842, -0.267563
149, 12.105740, -7.744153, -0.256529
150, 12.103944, -7.725623, -0.223341
151, 12.226640, -7.751323, -0.214291
152, 12.335069, -7.775422, -0.214132
153, 12.506943, -7.843485, -0.246321
154, 12.629259, -7.873027, -0.243755
155, 12.753418, -7.904184, -0.243292
156, 12.872516, -7.956012, -0.253631
157, 12.978065, -7.982904, -0.253631
158, 13.118773, -8.025394, -0.250903
159, 13.234467, -8.050025, -0.222545
160, 13.371685, -8.063503, -0.190042
161, 13.493324, -8.086346, -0.186206
162, 13.609180, -8.115465, -0.199861
163, 13.724721, -8.146927, -0.235208
164, 13.855424, -8.181875, -0.240502
165, 13.957346, -8.205555, -0.232534
166, 14.103547, -8.269055, -0.252110
167, 14.206626, -8.294289, -0.243222
168, 14.424303, -8.159535, -0.216777
169, 14.546815, -8.184534, -0.206350
170, 14.647012, -8.259078, -0.178397
171, 14.746735, -8.373263, -0.134734
172, 14.875031, -8.388597, -0.123991
173, 14.975729, -8.416926, -0.153293
174, 15.091832, -8.437707, -0.169073
175, 15.224137, -8.475312, -0.170862
176, 15.346393, -8.493959, -0.160277
177, 15.453950, -8.509698, -0.150928
178, 15.592598, -8.539527, -0.154336
179, 15.739974, -8.575322, -0.164092
180, 15.840632, -8.582261, -0.156955
181, 15.921327, -8.582728, -0.147998
182, 16.034854, -8.600379, -0.142415
183, 16.132929, -8.616516, -0.136034
184, 16.254244, -8.631040, -0.123316
185, 16.396983, -8.645262, -0.107477
186, 16.478119, -8.650572, -0.096175
187, 16.574918, -8.655912, -0.086228
188, 16.702883, -8.673352, -0.105269
189, 16.827306, -8.705487, -0.183257
190, 16.935192, -8.744229, -0.241382
191, 17.031671, -8.770390, -0.251550
192, 17.163711, -8.803927, -0.239942
193, 17.402429, -8.846870, -0.253777
194, 17.618884, -8.901046, -0.327333
195, 17.724305, -8.945904, -0.370194
196, 17.818891, -8.985056, -0.385095
197, 17.921433, -9.007864, -0.383453
198, 18.018980, -9.090293, -0.432544
199, 18.131734, -9.133969, -0.485603
200, 18.222253, -9.203619, -0.560291
201, 18.371137, -9.273557, -0.642322
202, 18.453521, -9.356043, -0.733268
203, 18.526564, -9.456225, -0.830236
204, 18.593106, -9.562263, -0.928064
205, 18.639562, -9.666889, -1.013014
206, 18.673417, -9.758783, -1.107024
207, 18.683470, -9.861951, -1.205628
208, 18.697479, -9.977032, -1.302798
209, 18.726334, -10.084665, -1.367570
210, 18.756002, -10.207222, -1.374590
211, 18.776827, -10.313987, -1.376121
212, 18.790350, -10.427676, -1.406875
213, 18.782542, -10.556100, -1.483218
214, 18.773121, -10.662333, -1.571107
215, 18.758793, -10.758677, -1.661606
216, 18.744271, -10.887896, -1.732423
217, 18.716217, -10.997184, -1.782112
218, 18.687289, -11.102846, -1.771629
219, 18.667468, -11.206958, -1.762420
220, 18.633758, -11.317995, -1.775566
221, 18.612533, -11.425076, -1.768965
222, 18.588775, -11.544485, -1.779730
223, 18.569502, -11.680218, -1.769250
224, 18.547446, -11.808260, -1.758574
225, 18.518668, -11.938520, -1.750592
226, 18.500312, -12.047143, -1.741666
227, 18.483820, -12.151533, -1.731085
228, 18.464805, -12.259811, -1.718410
229, 18.448774, -12.384612, -1.707824
230, 18.426353, -12.498960, -1.714680
231, 18.406665, -12.588250, -1.759608
232, 18.378102, -12.691493, -1.810063
233, 18.356281, -12.822203, -1.800798
234, 18.333266, -12.925418, -1.794361
235, 18.295142, -13.070995, -1.761662
236, 18.278152, -13.161128, -1.750195
237, 18.273886, -13.278688, -1.763665
238, 18.251575, -13.403394, -1.756176
239, 18.218717, -13.509499, -1.756041
240, 18.199469, -13.614548, -1.745895
241, 18.167719, -13.750737, -1.733185
242, 18.151659, -13.859333, -1.723976
243, 17.899234, -13.839812, -1.710974
244, 17.883520, -13.941423, -1.723701
245, 17.874023, -14.056104, -1.771065
246, 17.845805, -14.169594, -1.792106
247, 17.821936, -14.274077, -1.795188
248, 17.799966, -14.402322, -1.794710
249, 17.979508, -14.728681, -1.773758
250, 17.953715, -14.822967, -1.772566
251, 17.928444, -14.946142, -1.772566
252, 17.910614, -15.033954, -1.772566
253, 17.860778, -15.213306, -1.772426
254, 17.839960, -15.317051, -1.773363
255, 17.823175, -15.400936, -1.784294
256, 17.811510, -15.482219, -1.784320
257, 17.785562, -15.603263, -1.784320
258, 17.762746, -15.710347, -1.782934
259, 17.728149, -15.848830, -1.776717
260, 17.675921, -15.940405, -1.768444
261, 17.484042, -15.835848, -1.764037
262, 17.459768, -15.954400, -1.771395
263, 17.419683, -16.089094, -1.779458
264, 17.392697, -16.207776, -1.789581
265, 17.372303, -16.310946, -1.780283
266, 17.359127, -16.400688, -1.760030
267, 17.338959, -16.495053, -1.752947
268, 17.318069, -16.619997, -1.742511
269, 17.303866, -16.710109, -1.733144
270, 17.272870, -16.864916, -1.732817
271, 17.255049, -16.983809, -1.723469
272, 17.243304, -17.066846, -1.712928
273, 17.226640, -17.187894, -1.714606
274, 17.205569, -17.303073, -1.742512
275, 17.176918, -17.438056, -1.783160
276, 17.154596, -17.541849, -1.783182
277, 17.138765, -17.679618, -1.764658
278, 17.122400, -17.767414, -1.756672
279, 17.106734, -17.888858, -1.749827
280, 17.096391, -17.989541, -1.746484
281, 17.065787, -18.112673, -1.773380
282, 17.018030, -18.248998, -1.794419
283, 16.998492, -18.339304, -1.786630
284, 16.985137, -18.412830, -1.780518
285, 16.958381, -18.533346, -1.789564
286, 16.931470, -18.672041, -1.791251
287, 16.909912, -18.803648, -1.786340
288, 16.886340, -18.904319, -1.796919
289, 16.821984, -19.059311, -1.820453
290, 16.795301, -19.168217, -1.831777
291, 16.776872, -19.255891, -1.828231
292, 16.749498, -19.378705, -1.819899
293, 16.719359, -19.498235, -1.842806
294, 16.690337, -19.605726, -1.855887
295, 16.661081, -19.709571, -1.849470
296, 16.632428, -19.812303, -1.838891
297, 16.606036, -19.915281, -1.830922
298, 16.564733, -20.055345, -1.825992
299, 16.524978, -20.181119, -1.832373
300, 16.489569, -20.325969, -1.849597
301, 16.453577, -20.441087, -1.866776
302, 16.403336, -20.565449, -1.864660
303, 16.354858, -20.690709, -1.857232
304, 16.314943, -20.750513, -1.849599
305, 16.267842, -20.845132, -1.840870
306, 16.240802, -20.949558, -1.830285
307, 16.257189, -21.093278, -1.803407
308, 16.237870, -21.180837, -1.795417
309, 16.198568, -21.310433, -1.797980
310, 16.162967, -21.419395, -1.806580
311, 16.119119, -21.542406, -1.804359
312, 16.078062, -21.665966, -1.807398
313, 16.054749, -21.771576, -1.827363
314, 16.029936, -21.859723, -1.852016
315, 15.993245, -21.961137, -1.866248
316, 15.957551, -22.082646, -1.859822
317, 15.935519, -22.200482, -1.843152
318, 15.909960, -22.318461, -1.828458
319, 15.879549, -22.439699, -1.823389
320, 15.846434, -22.562519, -1.829826
321, 15.816649, -22.705284, -1.822424
322, 15.782795, -22.842032, -1.824914
323, 15.739945, -22.948712, -1.851298
324, 15.697252, -23.062575, -1.860841
325, 15.659481, -23.177459, -1.853303
326, 15.638276, -23.274704, -1.845495
327, 15.608561, -23.394737, -1.837567
328, 15.578774, -23.511141, -1.821797
329, 15.538470, -23.637287, -1.819361
330, 15.510168, -23.742421, -1.809004
331, 15.486087, -23.838446, -1.796030
332, 15.447357, -23.975893, -1.780993
333, 15.418655, -24.105589, -1.769025
334, 15.387160, -24.221717, -1.764022
335, 15.368207, -24.328484, -1.753746
336, 15.349637, -24.433566, -1.747146
337, 15.331212, -24.541366, -1.738188
338, 15.303283, -24.659182, -1.726735
339, 15.286883, -24.765404, -1.715816
340, 15.257938, -24.908479, -1.705530
341, 15.259198, -25.041602, -1.697314
342, 15.244935, -25.170619, -1.686576
343, 15.237652, -25.295117, -1.672975
344, 15.228992, -25.401222, -1.663619
345, 15.186509, -25.510880, -1.653377
346, 15.177665, -25.635861, -1.644022
347, 15.172198, -25.743314, -1.632053
348, 15.165694, -25.867174, -1.626985
349, 15.153581, -26.006387, -1.701750
350, 15.126275, -26.101034, -1.798377
351, 15.116391, -26.229067, -1.844231
352, 15.068586, -26.333317, -1.943493
353, 14.999006, -26.430533, -2.025695
354, 14.941188, -26.511150, -2.121930
355, 14.868009, -26.595493, -2.220009
356, 14.784746, -26.673629, -2.318169
357, 14.697087, -26.736282, -2.414458
358, 14.619383, -26.806858, -2.509131
359, 14.532472, -26.861355, -2.607226
360, 14.427349, -26.905437, -2.694337
361, 14.335508, -27.004897, -2.728490
362, 14.219532, -27.039776, -2.805806
363, 14.044013, -26.971670, -2.904179
364, 13.933031, -26.980149, -3.000953
365, 13.874973, -27.021936, -3.063018
366, 13.752668, -27.029984, -3.071659
367, 13.597274, -26.979698, -3.120737
368, 13.477969, -26.968789, 3.090467
369, 13.394176, -26.980126, 3.033445
370, 13.286436, -26.968805, 3.032912
371, 13.220121, -26.986350, 3.040349
372, 13.351448, -27.154451, 3.041481
373, 13.247216, -27.143235, 3.034285
374, 13.095118, -27.085471, 3.005318
375, 12.667997, -26.837464, 2.986895
376, 12.541850, -26.819396, 2.995016
377, 12.415127, -26.802855, 3.005601
378, 12.288406, -26.787755, 3.014957
379, 12.145456, -26.756688, 3.009648
380, 12.055052, -26.738052, 2.960118
381, 11.949293, -26.720368, 2.906475
382, 11.844909, -26.694894, 2.905973
383, 11.721192, -26.638849, 2.890260
384, 11.597154, -26.608743, 2.900847
385, 11.499961, -26.597895, 2.917568
386, 11.380821, -26.570169, 2.914192
387, 11.302674, -26.560885, 2.909501
388, 11.234703, -26.562320, 2.925832
389, 11.128853, -26.531657, 2.920919
390, 11.002133, -26.489445, 2.912444
391, 10.889141, -26.457510, 2.910617
392, 10.755418, -26.416453, 2.907684
393, 10.663293, -26.398399, 2.908087
394, 10.544895, -26.366531, 2.907417
395, 10.414525, -26.334616, 2.907079
396, 10.298960, -26.305597, 2.906578
397, 10.176704, -26.276421, 2.906578
398, 10.053000, -26.246431, 2.906578
399, 9.936055, -26.214889, 2.907560
400, 9.826552, -26.197074, 2.971027
401, 9.734490, -26.198117, 3.077924
402, 9.653962, -26.218152, -3.100174
403, 9.566424, -26.244118, -2.991543
404, 9.411811, -26.252055, -2.893040
405, 9.259897, -26.252627, -2.793896
406, 9.147297, -26.287669, -2.702472
407, 9.059440, -26.357736, -2.638462
408, 8.989776, -26.425947, -2.585058
409, 8.901405, -26.473424, -2.526202
410, 8.867589, -26.587253, -2.473805
411, 8.791499, -26.629096, -2.421956
412, 8.714302, -26.708015, -2.371017
413, 8.622869, -26.795472, -2.316988
414, 8.562382, -26.870745, -2.272959
415, 8.490009, -26.963067, -2.246562
416, 8.421436, -27.078840, -2.198627
417, 8.367866, -27.184813, -2.141815
418, 8.311298, -27.292548, -2.101288
419, 8.257381, -27.349557, -2.079211
420, 8.200218, -27.457079, -2.064851
421, 8.156640, -27.597380, -2.010559
422, 8.118322, -27.701934, -1.959686
423, 8.073405, -27.776085, -1.932032
424, 8.038827, -27.862745, -1.902689
425, 8.275844, -28.169344, -1.857567
426, 8.335122, -28.336345, -1.842587
427, 8.303142, -28.459806, -1.834918
428, 8.270366, -28.580894, -1.836890
429, 8.235823, -28.699458, -1.837619
430, 8.203966, -28.822719, -1.828909
431, 8.173320, -28.946177, -1.819710
432, 8.152186, -29.051204, -1.801521
433, 8.122368, -29.145179, -1.815096
434, 8.089375, -29.259342, -1.833298
435, 8.062175, -29.362396, -1.828282
436, 8.031614, -29.484754, -1.819226
437, 8.002414, -29.608753, -1.808646
438, 7.982203, -29.696152, -1.800661
439, 7.597931, -29.589547, -1.781402
440, 7.570773, -29.710757, -1.789838
441, 7.525319, -29.807023, -1.807922
442, 7.494621, -29.927565, -1.817289
443, 7.450771, -30.057036, -1.846462
444, 7.415626, -30.174226, -1.855992
445, 7.406015, -30.318768, -1.855123
446, 7.377101, -30.418347, -1.855435
447, 7.334772, -30.540123, -1.831262
448, 7.304197, -30.664331, -1.819908
449, 7.275070, -30.791644, -1.804544
450, 7.242202, -30.899952, -1.801347
451, 7.214900, -31.021430, -1.799017
452, 7.170789, -31.127625, -1.824949
453, 7.138558, -31.250157, -1.828881
454, 7.106691, -31.365863, -1.839935
455, 7.074489, -31.488732, -1.835171
456, 7.041877, -31.615762, -1.815669
457, 7.011027, -31.738936, -1.815669
458, 6.980682, -31.861309, -1.815669
459, 6.951322, -31.968240, -1.826674
460, 6.919124, -32.077505, -1.837967
461, 6.881521, -32.194667, -1.836104
462, 6.845021, -32.318443, -1.830568
463, 6.814509, -32.455673, -1.806955
464, 6.779961, -32.546117, -1.811047
465, 6.754984, -32.649541, -1.805328
466, 6.725282, -32.772354, -1.802776
467, 6.696038, -32.893404, -1.808738
468, 6.657094, -33.026893, -1.820665
469, 6.629711, -33.127002, -1.830020
470, 6.608973, -33.261601, -1.825233
471, 6.579471, -33.372309, -1.832052
472, 6.546472, -33.505109, -1.822506
473, 6.518567, -33.608166, -1.814975
474, 6.492118, -33.707049, -1.812152
475, 6.463743, -33.829135, -1.801883
476, 6.436298, -33.954464, -1.791144
477, 6.397030, -34.086817, -1.793346
478, 6.371322, -34.195923, -1.783028
479, 6.546030, -34.427840, -1.790585
480, 6.727904, -34.677716, -1.805494
481, 6.701494, -34.776466, -1.826678
482, 6.671103, -34.895390, -1.821075
483, 6.645392, -35.011445, -1.842701
484, 6.616457, -35.127372, -1.864467
485, 6.575131, -35.249594, -1.880966
486, 6.547972, -35.349275, -1.845719
487, 6.530267, -35.454048, -1.785008
488, 6.477793, -35.559680, -1.774783
489, 6.456014, -35.664827, -1.749466
490, 6.436348, -35.785447, -1.722859
491, 6.426408, -35.885653, -1.691278
492, 6.442685, -36.016064, -1.660987
493, 6.424472, -36.139843, -1.628964
494, 6.416300, -36.243280, -1.592635
495, 6.422731, -36.354507, -1.547533
496, 6.439629, -36.452828, -1.458728
497, 6.467180, -36.553975, -1.362475
498, 6.492408, -36.672246, -1.329001
499, 6.533733, -36.789512, -1.278640
500, 6.581000, -36.889258, -1.196287
501, 6.632591, -36.968834, -1.114120
502, 6.676936, -37.070549, -1.058914
503, 6.734678, -37.161413, -0.990149
504, 6.825231, -37.261498, -0.910693
505, 6.901701, -37.337285, -0.824842
506, 7.007770, -37.406610, -0.756301
507, 7.107953, -37.480894, -0.710750
508, 7.181870, -37.560663, -0.704170
509, 7.264760, -37.630511, -0.702326
510, 7.367834, -37.696445, -0.650754
511, 7.464660, -37.749547, -0.586861
512, 7.578661, -37.834117, -0.600727
513, 7.686284, -37.906945, -0.599590
514, 7.737892, -37.942336, -0.482936
515, 7.823128, -37.966215, -0.376731
516, 7.940062, -37.993463, -0.279950
517, 8.061023, -38.022717, -0.256437
518, 8.173686, -38.049936, -0.243846
519, 8.275121, -38.093141, -0.247829
520, 8.422844, -38.136498, -0.237197
521, 8.569706, -38.156381, -0.215645
522, 8.696714, -38.182200, -0.199328
523, 8.806581, -38.202109, -0.191039
524, 8.911454, -38.220682, -0.182050
525, 9.053773, -38.248248, -0.171879
526, 9.163668, -38.265989, -0.162564
527, 9.266809, -38.281812, -0.152184
528, 9.391070, -38.298894, -0.141453
529, 9.505294, -38.310185, -0.130780
530, 9.631237, -38.324105, -0.120112
531, 9.748827, -38.339530, -0.106502
532, 9.855651, -38.349907, -0.097019
533, 9.937304, -38.361829, -0.087854
534, 10.062556, -38.370409, -0.077270
535, 10.166423, -38.379551, -0.085844
536, 10.283984, -38.392403, -0.103481
537, 10.428609, -38.397184, -0.069272
538, 10.553426, -38.370530, 0.061156
539, 10.646506, -38.348974, 0.169314
540, 10.750304, -38.337741, 0.247233
541, 10.853256, -38.293891, 0.350563
542, 10.940453, -38.262244, 0.445415
543, 11.011346, -38.149533, 0.559677
544, 10.711303, -37.933182, 0.658580
545, 10.775776, -37.796023, 0.780889
546, 10.847595, -37.710660, 0.898446
547, 10.897481, -37.636720, 1.001928
548, 10.947869, -37.525491, 1.083108
549, 11.002855, -37.406327, 1.095767
550, 11.063755, -37.287366, 1.090425
551, 11.114489, -37.190856, 1.091805
552, 11.141453, -37.086354, 1.120644
553, 10.566056, -37.107823, 1.107249
554, 10.622626, -36.995000, 1.107271
555, 10.679993, -36.882874, 1.107386
556, 10.727759, -36.787081, 1.108766
557, 10.775649, -36.691453, 1.107543
558, 10.823080, -36.596060, 1.107386
559, 10.893767, -36.459850, 1.114234
560, 10.939709, -36.374745, 1.115204
561, 10.997810, -36.261443, 1.116463
562, 11.063854, -36.144475, 1.119760
563, 11.109735, -36.084267, 1.128217
564, 11.162148, -35.973315, 1.129597
565, 11.223792, -35.829735, 1.126700
566, 11.279433, -35.714647, 1.126714
567, 11.335001, -35.603168, 1.125374
568, 11.381451, -35.504965, 1.126599
569, 11.438840, -35.390048, 1.127863
570, 11.493363, -35.283514, 1.128001
571, 11.541222, -35.199361, 1.128302
572, 11.590872, -35.095138, 1.126923
573, 12.322208, -35.132214, 1.156374
574, 12.367708, -35.027212, 1.157908
575, 12.419797, -34.925712, 1.158138
576, 12.462347, -34.828022, 1.158138
577, 12.511837, -34.715249, 1.158138
578, 12.562113, -34.599331, 1.158138
579, 12.612891, -34.496595, 1.160957
580, 12.661074, -34.400689, 1.165422
581, 12.710677, -34.289321, 1.164592
582, 12.753879, -34.195919, 1.166116
583, 12.804974, -34.086010, 1.168285
584, 12.858871, -33.962112, 1.171107
585, 12.909349, -33.863964, 1.170891
586, 12.958357, -33.748306, 1.170891
587, 13.013291, -33.631152, 1.173406
588, 13.055351, -33.531052, 1.173406
589, 13.099403, -33.433798, 1.204530
590, 13.123653, -33.343422, 1.258981
591, 12.564998, -33.011903, 1.249544
592, 11.993305, -32.685812, 1.223839
593, 12.036983, -32.575752, 1.198384
594, 12.081401, -32.447791, 1.184925
595, 12.127652, -32.340395, 1.200340
596, 12.163813, -32.220369, 1.224638
597, 12.195938, -32.128838, 1.228321
598, 12.227360, -32.034966, 1.241035
599, 12.266173, -31.916200, 1.250719
600, 12.300614, -31.820665, 1.260929
601, 12.332769, -31.724232, 1.270028
602, 12.390841, -31.598205, 1.278991
603, 12.427261, -31.482251, 1.271794
604, 12.466172, -31.350890, 1.270399
605, 12.500263, -31.241054, 1.280984
606, 12.529468, -31.153883, 1.291694
607, 12.549266, -31.084666, 1.298768
608, 12.598821, -30.950238, 1.325055
609, 12.633494, -30.821208, 1.337504
610, 12.663893, -30.696032, 1.342392
611, 12.685874, -30.593592, 1.351047
612, 12.713236, -30.470977, 1.352737
613, 12.744827, -30.358073, 1.357550
614, 12.769659, -30.251093, 1.367864
615, 12.799975, -30.103720, 1.376380
616, 12.822445, -29.988329, 1.383577
617, 12.840721, -29.883617, 1.393994
618, 12.857831, -29.778684, 1.403365
619, 12.876843, -29.654688, 1.413954
620, 12.911370, -29.530438, 1.414289
621, 12.932553, -29.426206, 1.408862
622, 12.945369, -29.358482, 1.390176
623, 12.968008, -29.248095, 1.377150
624, 13.014240, -29.145865, 1.365118
625, 13.038502, -29.054350, 1.326631
626, 13.056340, -28.891969, 1.287615
627, 13.093307, -28.774573, 1.275337
628, 13.116523, -28.682095, 1.302531
629, 13.145588, -28.577819, 1.302377
630, 13.137358, -28.383366, 1.305377
631, 13.166260, -28.286017, 1.286975
632, 13.244154, -28.155754, 1.276708
633, 13.268912, -28.070133, 1.284224
634, 13.315218, -27.931893, 1.300759
635, 13.341436, -27.815446, 1.333579
636, 13.357735, -27.699975, 1.361400
637, 13.378169, -27.596532, 1.371375
638, 13.401489, -27.473336, 1.380583
639, 13.452159, -27.376091, 1.355131
640, 13.480989, -27.259230, 1.336881
641, 13.508414, -27.161043, 1.315713
642, 13.535643, -27.062856, 1.306657
643, 13.567213, -26.941976, 1.314166
644, 13.593832, -26.836740, 1.322948
645, 13.640088, -26.705286, 1.315639
646, 13.670078, -26.583071, 1.326072
647, 13.662857, -26.476650, 1.348692
648, 13.691664, -26.359111, 1.338470
649, 13.716400, -26.221022, 1.342985
650, 13.740028, -26.113551, 1.350655
651, 13.798152, -25.986854, 1.349883
652, 13.819867, -25.884087, 1.357861
653, 13.842149, -25.781558, 1.370772
654, 13.888101, -25.646440, 1.379449
655, 13.900837, -25.562598, 1.387513
656, 13.896190, -25.470897, 1.398558
657, 13.916218, -25.372569, 1.410815
658, 13.932844, -25.264388, 1.420177
659, 13.950970, -25.140712, 1.428005
660, 13.964207, -25.035653, 1.438437
661, 13.991294, -24.917190, 1.365000
662, 14.029825, -24.805606, 1.286295
663, 14.064900, -24.684376, 1.286732
664, 14.109374, -24.527952, 1.303166
665, 14.140524, -24.408591, 1.312371
666, 14.150837, -24.371097, 1.272751
667, 14.198562, -24.264369, 1.192340
668, 14.255841, -24.146661, 1.122237
669, 14.277456, -24.005426, 1.076447
670, 14.331751, -23.913722, 1.073519
671, 14.413871, -23.857102, 1.121619
672, 14.446169, -23.758587, 1.204500
673, 14.469835, -23.653893, 1.260896
674, 14.489220, -23.516002, 1.284337
675, 14.524786, -23.394880, 1.284337
676, 14.591769, -23.277205, 1.276752
677, 14.628137, -23.156725, 1.276752
678, 14.716757, -23.070895, 1.242408
679, 14.786231, -22.966037, 1.198350
680, 14.831565, -22.850151, 1.198350
681, 14.845562, -22.709875, 1.218027
682, 14.890261, -22.589776, 1.218027
683, 14.933924, -22.470461, 1.218027
684, 14.971765, -22.368069, 1.218027
685, 15.008413, -22.268271, 1.218027
686, 15.028071, -22.249745, 1.234910
687, 15.063691, -22.148666, 1.234910
688, 15.110904, -21.996602, 1.222803
689, 15.181939, -21.803892, 1.226406
690, 15.243338, -21.633754, 1.228809
691, 15.300537, -21.475111, 1.230670
692, 15.322542, -21.362357, 1.230502
693, 15.340870, -21.280463, 1.230409
694, 15.389075, -21.171057, 1.229266
695, 15.429547, -21.072711, 1.230632
696, 15.473670, -21.030612, 1.229942
697, 15.518197, -20.921082, 1.235444
698, 15.554024, -20.822430, 1.235958
699, 15.605106, -20.690309, 1.240074
700, 15.646441, -20.568539, 1.240230
701, 15.687436, -20.449054, 1.240230
702, 15.722904, -20.346394, 1.240230
703, 15.763079, -20.228226, 1.244366
704, 15.782366, -20.163455, 1.308171
705, 15.814043, -20.047905, 1.297167
706, 15.846574, -19.952753, 1.258064
707, 15.882331, -19.886437, 1.229124
708, 15.962755, -19.737830, 1.131162
709, 16.032670, -19.628208, 1.045965
710, 16.087713, -19.531716, 1.026935
711, 16.141992, -19.443826, 1.016367
712, 16.211255, -19.315962, 1.011492
713, 16.268021, -19.230632, 0.983531
714, 16.343876, -19.122744, 0.961220
715, 16.415645, -19.028895, 0.929936
716, 16.489826, -18.988370, 0.892285
717, 16.564860, -18.916088, 0.811324
718, 16.658291, -18.815731, 0.719148
719, 16.756671, -18.754366, 0.621148
720, 16.858623, -18.706444, 0.567290
721, 16.946596, -18.652571, 0.552677
722, 17.050519, -18.591264, 0.541945
723, 17.157709, -18.528946, 0.532577
724, 17.265875, -18.464630, 0.530428
725, 17.355815, -18.389176, 0.533375
726, 17.464947, -18.326403, 0.532464
727, 17.561540, -18.287101, 0.508785
728, 17.665513, -18.233217, 0.470334
729, 17.768946, -18.191930, 0.429669
730, 17.884105, -18.173429, 0.388111
731, 17.976347, -18.142891, 0.344560
732, 18.090530, -18.110747, 0.292712
733, 18.223776, -18.050177, 0.308298
734, 18.323962, -18.021406, 0.298053
735, 18.438660, -17.992844, 0.287117
736, 18.560172, -17.970194, 0.233004
737, 18.659493, -17.949588, 0.217357
738, 18.793324, -17.919977, 0.210465
739, 18.894352, -17.900123, 0.199722
740, 19.012147, -17.877891, 0.188987
741, 19.131504, -17.856310, 0.178245
742, 19.233773, -17.839597, 0.167505
743, 19.364539, -17.823989, 0.146526
744, 19.485601, -17.813113, 0.129830
745, 19.589731, -17.809104, 0.113920
746, 19.722102, -17.799841, 0.098002
747, 19.867146, -17.788940, 0.097514
748, 19.981739, -17.763417, 0.108006
749, 20.106926, -17.751764, 0.118352
750, 20.215163, -17.741690, 0.130546
751, 20.328704, -17.723386, 0.126999
752, 20.456924, -17.702214, 0.124058
753, 20.565434, -17.686570, 0.133414
754, 20.721235, -17.690525, 0.127913
755, 20.803221, -17.682292, 0.136498
756, 20.915168, -17.669528, 0.137840
757, 21.027348, -17.663861, 0.084190
758, 21.122223, -17.663631, 0.033737
759, 21.249356, -17.684056, 0.034458
760, 21.357870, -17.679102, 0.043202
761, 21.451807, -17.681280, -0.005552
762, 21.569958, -17.683825, -0.009720
763, 21.696794, -17.683411, 0.000097
764, 21.827187, -17.653633, 0.028808
765, 21.939945, -17.629452, 0.048138
766, 22.040513, -17.636631, 0.043479
767, 22.140946, -17.637390, 0.042049
768, 22.278096, -17.621400, 0.010232
769, 22.407733, -17.621346, -0.040576
770, 22.526509, -17.644125, -0.066451
771, 22.634468, -17.668164, -0.057823
772, 22.741887, -17.680335, -0.046518
773, 22.881416, -17.653128, -0.025159
774, 22.984538, -17.642563, -0.036643
775, 23.072911, -17.668284, -0.091801
776, 23.191558, -17.691151, -0.161362
777, 23.316137, -17.765614, -0.191204
778, 23.422132, -17.760614, -0.207166
779, 23.527284, -17.783660, -0.250478
780, 23.673148, -17.817383, -0.230593
781, 23.776334, -17.842962, -0.250277
782, 23.891141, -17.875149, -0.261343
783, 23.977275, -17.897475, -0.255389
784, 24.079471, -17.922543, -0.246335
785, 24.200887, -17.950984, -0.237126
786, 24.262090, -17.999462, -0.235954
787, 24.378749, -18.029852, -0.226395
788, 24.572104, -18.057860, -0.219399
789, 24.697989, -18.083557, -0.208656
790, 24.716210, -18.112098, -0.202976
791, 24.837721, -18.134906, -0.192544
792, 24.961167, -18.175671, -0.203064
793, 25.101314, -18.209165, -0.191577
794, 25.208142, -18.228162, -0.180810
795, 25.318042, -18.247734, -0.170534
796, 25.441791, -18.267010, -0.159946
797, 25.536809, -18.283312, -0.166101
798, 25.652552, -18.306636, -0.181931
799, 25.792580, -18.331793, -0.170036
800, 25.895556, -18.353782, -0.161712
801, 25.996091, -18.371220, -0.169226
802, 26.137117, -18.378891, -0.171243
803, 26.255568, -18.402760, -0.185353
804, 26.361441, -18.421628, -0.179708
805, 26.448031, -18.435875, -0.170653
806, 26.565599, -18.457334, -0.183506
807, 26.683713, -18.486492, -0.212788
808, 26.787449, -18.525544, -0.254133
809, 26.891430, -18.553946, -0.259661
810, 27.009133, -18.589688, -0.255088
811, 27.105377, -18.641099, -0.255248
812, 27.228637, -18.671643, -0.245885
813, 27.320469, -18.680241, -0.214291
814, 27.422414, -18.700754, -0.203862
815, 27.548987, -18.732123, -0.201130
816, 27.653941, -18.778210, -0.215786
817, 27.758726, -18.803293, -0.220284
818, 27.879425, -18.847965, -0.263757
819, 27.977895, -18.891296, -0.296114
820, 28.095791, -18.923338, -0.287402
821, 28.213220, -18.945697, -0.267586
822, 28.337378, -18.978416, -0.258380
823, 28.460488, -19.009244, -0.247798
824, 28.566870, -19.033772, -0.238442
825, 28.690313, -19.061621, -0.227859
826, 28.797461, -19.079154, -0.209520
827, 28.891867, -19.085653, -0.204032
828, 29.020421, -19.135410, -0.238772
829, 29.165536, -19.209717, -0.260663
830, 29.315691, -19.255183, -0.251658
831, 29.401147, -19.275534, -0.243920
832, 29.520531, -19.302280, -0.236405
833, 29.621880, -19.319174, -0.210544
834, 29.721479, -19.323023, -0.173194
835, 29.855279, -19.350275, -0.180254
836, 29.976297, -19.379995, -0.194929
837, 30.085726, -19.410870, -0.195414
838, 30.184166, -19.432563, -0.211505
839, 30.306781, -19.466197, -0.236551
840, 30.479958, -19.460364, -0.236012
841, 30.585402, -19.485321, -0.230191
842, 30.706496, -19.512588, -0.229420
843, 30.826532, -19.542937, -0.241837
844, 30.937050, -19.577548, -0.280468
845, 31.037888, -19.607407, -0.284644
846, 31.194388, -19.680040, -0.258019
847, 31.316091, -19.710194, -0.247442
848, 31.438982, -19.748768, -0.242218
849, 31.535198, -19.764428, -0.231151
850, 31.645735, -19.782452, -0.218854
851, 31.743007, -19.801942, -0.214441
852, 31.839912, -19.821189, -0.208321
853, 31.962951, -19.845884, -0.203100
854, 32.103479, -19.911068, -0.234027
855, 32.212874, -19.937209, -0.231633
856, 32.337859, -19.966404, -0.226557
857, 32.422711, -19.994915, -0.243439
858, 32.527537, -20.029672, -0.290999
859, 32.647232, -20.047047, -0.306803
860, 32.746528, -20.079305, -0.301885
861, 32.864048, -20.115626, -0.296855
862, 32.981353, -20.141355, -0.295543
863, 33.067767, -20.167645, -0.295543
864, 33.185514, -20.203590, -0.295543
865, 33.307451, -20.240228, -0.291403
866, 33.428694, -20.272898, -0.274384
867, 33.526289, -20.288329, -0.244558
868, 33.637105, -20.305031, -0.203722
869, 33.664646, -20.170170, -0.131857
870, 33.776874, -20.177743, -0.090439
871, 33.899866, -20.195091, -0.071567
872, 34.006137, -20.200499, -0.061127
873, 34.107878, -20.221988, -0.075026
874, 34.216169, -20.228564, -0.064288
875, 34.406055, -20.236782, -0.032304
876, 34.531488, -20.237106, -0.016956
877, 34.610217, -20.206663, -0.006778
878, 34.711785, -20.210570, -0.029770
879, 34.877080, -20.237750, -0.061226
880, 34.976229, -20.256648, -0.090704
881, 35.093985, -20.273377, -0.113445
882, 35.210195, -20.286166, -0.124163
883, 35.337551, -20.300193, -0.116520
884, 35.464597, -20.312511, -0.106093
885, 35.591706, -20.324466, -0.096737
886, 35.719949, -20.334887, -0.087534
887, 35.822735, -20.345802, -0.099017
888, 35.935864, -20.364125, -0.136286
889, 36.099235, -20.576537, -0.169045
890, 36.191211, -20.598534, -0.210463
891, 36.255662, -20.415586, -0.220197
892, 36.377455, -20.443726, -0.224188
893, 36.506075, -20.501844, -0.270337
894, 36.602762, -20.539906, -0.340286
895, 36.762273, -20.793167, -0.431332
896, 36.856601, -20.855479, -0.528896
897, 36.942811, -20.937715, -0.633430
898, 37.011374, -21.007092, -0.730329
899, 37.087329, -21.081818, -0.817558
900, 37.142323, -21.162513, -0.915076
901, 37.195771, -21.259778, -1.011863
902, 37.201716, -21.096880, -1.070438
903, 37.236220, -21.194666, -1.179607
904, 37.263389, -21.309066, -1.297445
905, 37.265368, -21.425057, -1.461996
906, 37.242835, -21.536936, -1.648839
907, 37.192805, -21.623436, -1.928348
908, 37.132611, -21.703038, -2.099837
909, 37.047713, -21.771758, -2.333699
910, 36.921602, -22.060298, -2.639058
911, 36.805428, -22.033356, -3.101059
912, 36.706561, -21.996991, 3.012072
913, 36.580415, -21.787590, 2.982126
914, 36.484556, -21.767767, 2.951824
915, 36.369164, -21.756415, 2.946066
916, 36.247113, -21.730884, 2.928908
917, 36.108859, -21.708217, 2.905626
918, 36.019507, -21.667336, 2.907763
919, 35.908040, -21.636093, 2.878166
920, 35.811060, -21.574986, 2.794949
921, 35.726426, -21.535378, 2.722487
922, 35.797984, -21.578757, 2.662482
923, 35.569863, -21.399142, 2.606429
924, 35.484182, -21.344541, 2.589102
925, 35.377905, -21.280084, 2.595834
926, 35.284669, -21.225115, 2.603655
927, 35.196978, -21.177588, 2.641635
928, 35.096426, -21.135019, 2.701047
929, 34.963610, -21.069391, 2.725940
930, 34.844871, -21.019364, 2.737142
931, 34.777183, -20.964288, 2.731093
932, 34.686917, -20.920189, 2.729694
933, 34.555905, -20.844471, 2.702565
934, 34.445594, -20.793464, 2.720947
935, 34.360847, -20.759451, 2.754976
936, 34.397547, -20.815843, 2.758624
937, 34.282349, -20.770395, 2.770891
938, 34.186139, -20.731019, 2.784534
939, 34.055790, -20.683684, 2.787692
940, 33.907394, -20.626602, 2.779744
941, 33.808261, -20.586947, 2.781094
942, 33.693784, -20.541704, 2.791059
943, 33.589428, -20.500418, 2.808863
944, 33.487726, -20.466787, 2.817907
945, 33.370638, -20.430583, 2.838144
946, 33.249898, -20.395537, 2.851339
947, 33.145211, -20.365718, 2.860845
948, 33.025232, -20.332686, 2.865928
949, 32.918221, -20.301676, 2.857516
950, 32.804377, -20.261043, 2.846870
951, 32.691656, -20.216242, 2.836030
952, 32.610470, -20.181260, 2.825098
953, 32.533453, -20.153542, 2.814356
954, 32.373897, -20.114489, 2.834959
955, 32.258409, -20.084350, 2.869766
956, 32.160225, -20.070311, 2.887175
957, 32.013423, -20.032432, 2.895130
958, 31.880476, -19.998973, 2.901776
959, 31.789192, -19.975428, 2.906515
960, 31.678701, -19.946913, 2.911680
961, 31.566495, -19.914797, 2.921775
962, 31.452630, -19.883102, 2.930563
963, 31.335965, -19.879278, 2.904960
964, 31.217372, -19.839074, 2.876207
965, 31.113708, -19.802824, 2.861444
966, 30.993532, -19.769517, 2.868311
967, 30.888032, -19.741625, 2.877514
968, 30.785414, -19.715049, 2.885350
969, 30.663763, -19.684720, 2.895789
970, 30.557844, -19.659939, 2.905134
971, 30.417488, -19.648946, 2.934459
972, 30.283173, -19.631369, 2.933106
973, 30.168703, -19.601038, 2.904131
974, 30.064831, -19.554685, 2.862639
975, 29.963743, -19.526778, 2.868448
976, 29.851232, -19.456276, 2.867777
977, 29.731077, -19.406837, 2.874076
978, 29.595032, -19.401197, 2.883333
979, 29.478121, -19.368073, 2.871841
980, 29.383961, -19.326756, 2.862514
981, 29.262150, -19.287208, 2.857602
982, 29.158418, -19.228215, 2.848624
983, 29.054822, -19.187902, 2.852165
984, 28.933580, -19.153732, 2.862749
985, 28.804219, -19.097131, 2.859931
986, 28.681732, -19.062768, 2.864995
987, 28.571934, -19.104955, 2.859541
988, 28.468835, -19.076339, 2.863642
989, 28.347085, -19.043305, 2.872697
990, 28.241994, -19.016275, 2.881903
991, 28.139034, -18.990117, 2.891105
992, 28.017564, -18.959654, 2.893414
993, 27.894032, -18.928511, 2.893569
994, 27.740355, -18.848697, 2.882963
995, 27.598249, -18.822154, 2.883082
996, 27.470528, -18.790330, 2.883102
997, 27.367486, -18.753500, 2.876212
998, 27.283347, -18.728897, 2.875217
999, 27.113581, -18.695625, 2.876273
1000, 26.991980, -18.668630, 2.874781
1001, 26.887451, -18.640916, 2.874614
1002, 26.759979, -18.618817, 2.873514
1003, 26.639989, -18.585207, 2.858222
1004, 26.601143, -18.553469, 2.815197
1005, 26.505401, -18.520041, 2.817468
1006, 26.399166, -18.484975, 2.828615
1007, 26.277917, -18.447864, 2.839384
1008, 26.173173, -18.416488, 2.845984
1009, 26.052799, -18.381979, 2.856262
1010, 25.948228, -18.353260, 2.867002
1011, 25.827196, -18.321476, 2.877743
1012, 25.724482, -18.293440, 2.876066
1013, 25.545741, -18.246114, 2.864424
1014, 25.435733, -18.209065, 2.829307
1015, 25.334599, -18.160283, 2.810976
1016, 25.231356, -18.126561, 2.818015
1017, 25.196512, -18.100569, 2.830216
1018, 25.074361, -18.063099, 2.839592
1019, 24.890320, -18.022454, 2.855047
1020, 24.788105, -17.992791, 2.854597
1021, 24.691174, -17.965240, 2.856028
1022, 24.587492, -17.968074, 2.897066
1023, 24.465700, -17.939158, 2.906120
1024, 24.295355, -17.857108, 2.871156
1025, 24.173291, -17.825086, 2.881895
1026, 24.038944, -17.785475, 2.905099
1027, 23.917711, -17.762459, 2.930274
1028, 23.788184, -17.742331, 2.945819
1029, 23.699723, -17.726359, 2.955179
1030, 23.598052, -17.708008, 2.956106
1031, 23.484496, -17.681825, 2.931263
1032, 23.380262, -17.659834, 2.934008
1033, 23.257195, -17.635899, 2.944278
1034, 23.091948, -17.619505, 2.947908
1035, 22.984824, -17.599609, 2.955733
1036, 22.905387, -17.614929, 2.974697
1037, 22.800066, -17.598901, 2.984046
1038, 22.708269, -17.563516, 2.990587
1039, 22.583372, -17.546785, 2.999952
1040, 22.421232, -17.506361, 3.012207
1041, 22.315406, -17.494987, 3.032851
1042, 22.196509, -17.486889, 3.062258
1043, 22.062001, -17.481142, 3.075638
1044, 21.941882, -17.488261, 3.086678
1045, 21.816474, -17.483700, 3.097418
1046, 21.707944, -17.480242, 3.106773
1047, 21.582667, -17.477754, 3.117346
1048, 21.473590, -17.476297, 3.123959
1049, 21.347708, -17.474355, 3.125953
1050, 21.220605, -17.465007, -3.135629
1051, 21.095575, -17.465831, -3.134567
1052, 20.967894, -17.463254, 3.140935
1053, 20.858249, -17.455715, 3.111324
1054, 20.747087, -17.441415, 3.066263
1055, 20.605043, -17.417776, 3.023426
1056, 20.483079, -17.394127, 2.979895
1057, 20.350894, -17.365957, 2.942810
1058, 20.228730, -17.350497, 2.935602
1059, 20.114411, -17.344669, 2.946318
1060, 20.001451, -17.306111, 2.937756
1061, 19.881086, -17.275963, 2.929769
1062, 19.775257, -17.245962, 2.918955
1063, 19.647300, -17.193591, 2.907995
1064, 19.538690, -17.159988, 2.861235
1065, 19.434497, -17.120372, 2.813356
1066, 19.331903, -17.085317, 2.814109
1067, 19.245940, -17.049354, 2.773375
1068, 19.138673, -16.993810, 2.702468
1069, 19.032876, -16.963119, 2.633771
1070, 18.942450, -16.897990, 2.564841
1071, 18.843912, -16.817535, 2.494278
1072, 18.755912, -16.750084, 2.431171
1073, 18.672335, -16.672239, 2.374089
1074, 18.585169, -16.578310, 2.308360
1075, 18.534300, -16.472836, 2.237226
1076, 18.481374, -16.383252, 2.173510
1077, 18.433177, -16.288777, 2.110192
1078, 18.393663, -16.197047, 2.074403
1079, 18.345258, -16.096134, 2.031141
1080, 18.314071, -15.966544, 1.950107
1081, 18.276613, -15.843680, 1.885072
1082, 18.243063, -15.742648, 1.879140
1083, 18.216588, -15.641270, 1.815794
1084, 18.191419, -15.538800, 1.812842
1085, 18.164568, -15.421458, 1.796750
1086, 18.145063, -15.307879, 1.756274
1087, 18.133952, -15.212876, 1.717489
1088, 18.116094, -15.091137, 1.720495
1089, 18.112707, -14.962653, 1.722822
1090, 18.104470, -14.847042, 1.729068
1091, 18.086755, -14.739089, 1.736794
1092, 18.066934, -14.637247, 1.752122
1093, 18.060563, -14.512745, 1.728990
1094, 18.052655, -14.412810, 1.693455
1095, 18.059228, -14.287535, 1.639031
1096, 18.060537, -14.176199, 1.594633
1097, 18.060328, -14.052356, 1.584876
1098, 18.043102, -13.937395, 1.575580
1099, 18.063630, -13.818314, 1.492162
1100, 18.080383, -13.705454, 1.457201
1101, 18.101210, -13.570632, 1.475002
1102, 18.117500, -13.477526, 1.426709
1103, 18.141056, -13.382524, 1.381070
1104, 18.160490, -13.279317, 1.386272
1105, 18.185642, -13.165958, 1.359448
1106, 18.208311, -13.062666, 1.359122
1107, 18.228564, -12.959248, 1.367703
1108, 18.254698, -12.838647, 1.358979
1109, 18.258270, -12.716341, 1.339873
1110, 18.299560, -12.612981, 1.339487
1111, 18.329989, -12.483945, 1.344360
1112, 18.399571, -12.358891, 1.338685
1113, 18.430608, -12.241619, 1.329564
1114, 18.465179, -12.146126, 1.326250
1115, 18.494276, -12.024255, 1.333756
1116, 18.483287, -11.869140, 1.344315
1117, 18.506098, -11.763675, 1.353667
1118, 18.556747, -11.628787, 1.340506
1119, 18.581244, -11.523906, 1.341278
1120, 18.603189, -11.412881, 1.331496
1121, 18.630529, -11.293112, 1.339005
1122, 18.659788, -11.170589, 1.336406
1123, 18.687066, -11.049596, 1.345836
1124, 18.709901, -10.948084, 1.405939
1125, 18.712126, -10.829519, 1.501194
1126, 18.706127, -10.719747, 1.570376
1127, 18.701964, -10.617656, 1.594927
1128, 18.698614, -10.512200, 1.602467
1129, 18.693739, -10.387116, 1.603088
1130, 18.689986, -10.259948, 1.604474
1131, 18.741277, -10.175597, 1.580574
1132, 18.735796, -10.063585, 1.583844
1133, 18.697511, -9.909491, 1.664400
1134, 18.652257, -9.814130, 1.780433
1135, 18.615060, -9.723411, 1.889458
1136, 18.559872, -9.646969, 2.009354
1137, 18.500086, -9.548964, 2.119744
1138, 18.429419, -9.424638, 2.246859
1139, 18.356068, -9.353190, 2.341095
1140, 18.277177, -9.297588, 2.451385
1141, 18.194442, -9.247950, 2.553141
1142, 18.094545, -9.204616, 2.662220
1143, 18.022776, -9.109030, 2.770293
1144, 17.930873, -9.083650, 2.829694
1145, 17.798843, -9.112641, 2.874942
1146, 17.690006, -9.091365, 2.929066
1147, 17.555611, -9.065147, 2.949807
1148, 17.454470, -9.049638, 2.979729
1149, 17.338968, -9.037519, 3.023131
1150, 17.217625, -9.028356, 3.057543
1151, 17.128496, -9.022061, 3.068756
1152, 17.005805, -9.015253, 3.079333
1153, 16.897550, -9.010400, 3.088691
1154, 16.772362, -9.003796, 3.089621
1155, 16.647650, -8.996816, 3.085483
1156, 16.544341, -8.988362, 3.067074
1157, 16.435836, -8.972625, 3.044975
1158, 16.298565, -8.951480, 3.004073
1159, 16.185002, -8.927517, 2.963565
1160, 16.059603, -8.901528, 2.957867
1161, 15.968525, -8.876685, 2.910490
1162, 15.850639, -8.855303, 2.902799
1163, 15.760622, -8.848851, 2.916842
1164, 15.645774, -8.837509, 2.944126
1165, 15.495586, -8.831365, 2.975281
1166, 15.387926, -8.815165, 2.983106
1167, 15.277647, -8.790992, 2.984709
1168, 15.184064, -8.767516, 2.985166
1169, 15.062192, -8.748812, 2.986243
1170, 14.983956, -8.719487, 2.931868
1171, 14.881882, -8.685852, 2.865599
1172, 14.781810, -8.658713, 2.875384
1173, 14.660850, -8.627846, 2.886893
1174, 14.536523, -8.597173, 2.896244
1175, 14.412408, -8.567892, 2.905449
1176, 14.317945, -8.546283, 2.910480
1177, 14.195737, -8.511108, 2.928743
1178, 14.092122, -8.485441, 2.944967
1179, 13.971613, -8.463498, 2.955547
1180, 13.815169, -8.411994, 2.946684
1181, 13.684657, -8.373701, 2.943833
1182, 13.572317, -8.346919, 2.913056
1183, 13.483111, -8.307749, 2.873300
1184, 13.385116, -8.277735, 2.857008
1185, 13.283208, -8.244250, 2.864783
1186, 13.153441, -8.208970, 2.874430
1187, 13.045398, -8.180833, 2.883840
1188, 12.941716, -8.154773, 2.891673
1189, 12.826301, -8.163356, 2.940660
1190, 12.705171, -8.139677, 2.945728
1191, 12.583396, -8.114625, 2.943444
1192, 12.476812, -8.094978, 2.950027
1193, 12.371818, -8.075983, 2.957693
1194, 12.269087, -8.056970, 2.958474
1195, 12.174224, -8.035391, 2.932271
1196, 12.065153, -8.006811, 2.901750
1197, 11.953969, -7.974132, 2.869718
1198, 11.862576, -7.883544, 2.837968
1199, 11.742305, -7.847788, 2.846870
1200, 11.618355, -7.807613, 2.862019
1201, 11.514424, -7.777220, 2.856051
1202, 11.354905, -7.752676, 2.871784
1203, 11.245749, -7.724522, 2.864154
1204, 11.127831, -7.688904, 2.854786
1205, 11.006770, -7.642307, 2.847479
1206, 10.901422, -7.611771, 2.860517
1207, 10.789292, -7.585695, 2.893598
1208, 10.659693, -7.542230, 2.904916
1209, 10.553388, -7.518510, 2.913676
1210, 10.453418, -7.494920, 2.910312
1211, 10.354614, -7.486040, 2.916557
1212, 10.240766, -7.456815, 2.898306
1213, 10.120613, -7.426365, 2.896444
1214, 10.015047, -7.401226, 2.904717
1215, 9.911915, -7.377598, 2.913908
1216, 9.807947, -7.355218, 2.921748
1217, 9.721816, -7.337294, 2.930789
1218, 9.584269, -7.272215, 2.930680
1219, 9.464490, -7.242357, 2.910731
1220, 9.349232, -7.207123, 2.881913
1221, 9.237809, -7.171883, 2.851383
1222, 9.120463, -7.115080, 2.807035
1223, 9.025512, -7.077451, 2.785874
1224, 8.920142, -7.039136, 2.810270
1225, 8.846630, -7.006563, 2.844536
1226, 8.734811, -6.979094, 2.883046
1227, 8.577090, -6.977549, 2.934258
1228, 8.451788, -6.950062, 2.933141
1229, 8.343720, -6.921764, 2.918881
1230, 8.222936, -6.894991, 2.924065
1231, 8.114524, -6.836657, 2.897652
1232, 7.998789, -6.805281, 2.877896
1233, 7.900067, -6.775785, 2.861786
1234, 7.782408, -6.739705, 2.850583
1235, 7.663502, -6.701773, 2.839843
1236, 7.544398, -6.663139, 2.830489
1237, 7.443710, -6.628561, 2.821296
1238, 7.317345, -6.589637, 2.834777
1239, 7.199441, -6.559259, 2.866305
1240, 7.086284, -6.534228, 2.899585
1241, 6.998972, -6.534985, 2.926991
1242, 6.881140, -6.508574, 2.918872
1243, 6.766397, -6.479401, 2.908755
1244, 6.650024, -6.449629, 2.911157
1245, 6.544555, -6.426058, 2.919729
1246, 6.457600, -6.377843, 2.894947
1247, 6.357654, -6.350007, 2.878405
1248, 6.234897, -6.315804, 2.859759
1249, 6.116417, -6.283138, 2.845585
1250, 6.017980, -6.252470, 2.846322
1251, 5.893393, -6.220222, 2.853820
1252, 5.764999, -6.188474, 2.859961
1253, 5.660946, -6.158101, 2.859961
1254, 5.540337, -6.123135, 2.859961
1255, 5.416178, -6.087773, 2.859961
1256, 5.294896, -6.052345, 2.859961
1257, 5.191209, -6.022365, 2.859961
1258, 5.088745, -5.992650, 2.859961
1259, 4.902229, -5.938118, 2.861192
1260, 4.778101, -5.902764, 2.889903
1261, 4.671143, -5.876171, 2.909908
1262, 4.533576, -5.839128, 2.912932
1263, 4.398271, -5.804916, 2.915213
1264, 4.274171, -5.771860, 2.919585
1265, 4.159592, -5.737821, 2.893890
1266, 4.082655, -5.713890, 2.855081
1267, 4.023210, -5.662993, 2.809337
1268, 3.903506, -5.620577, 2.805473
1269, 3.738813, -5.572587, 2.813548
1270, 3.587552, -5.526781, 2.817942
1271, 3.463037, -5.486226, 2.828391
1272, 3.340457, -5.448111, 2.838138
1273, 3.237241, -5.416904, 2.847340
1274, 3.152074, -5.392290, 2.856553
1275, 3.034100, -5.359368, 2.867107
1276, 2.910928, -5.326692, 2.876489
1277, 2.824060, -5.304268, 2.885683
1278, 2.704562, -5.274705, 2.896277
1279, 2.542600, -5.246602, 2.906762
1280, 2.439310, -5.220877, 2.891417
1281, 2.295050, -5.150759, 2.827540
1282, 2.176032, -5.115343, 2.804926
1283, 2.056103, -5.076102, 2.808673
1284, 1.970199, -5.035507, 2.820403
1285, 1.853787, -4.995377, 2.830056
1286, 1.731518, -4.985838, 2.841918
1287, 1.616459, -4.954247, 2.822562
1288, 1.496154, -4.915054, 2.826828
1289, 1.413336, -4.838746, 2.809005
1290, 1.324924, -4.795027, 2.730976
1291, 1.219883, -4.744116, 2.711286
1292, 1.109218, -4.683621, 2.702360
1293, 0.993574, -4.630025, 2.710054
1294, 0.893929, -4.585512, 2.717877
1295, 0.813483, -4.550989, 2.726935
1296, 0.700474, -4.502700, 2.736135
1297, 0.582464, -4.454238, 2.746710
1298, 0.499073, -4.421179, 2.756075
1299, 0.335518, -4.379928, 2.771556
1300, 0.218581, -4.335639, 2.769910
1301, 0.165207, -4.283129, 2.724542
1302, 0.069712, -4.231463, 2.673780
1303, -0.004269, -4.173204, 2.630446
1304, -0.184331, -4.083110, 2.596087
1305, -0.271924, -4.027013, 2.584893
1306, -0.399652, -3.968929, 2.574868
1307, -0.502369, -3.901754, 2.565671
1308, -0.590926, -3.859148, 2.548425
1309, -0.671180, -3.791013, 2.474955
1310, -0.686998, -3.704872, 2.400904
1311, -0.762076, -3.622940, 2.349502
1312, -0.861782, -3.531522, 2.303962
1313, -0.940790, -3.440220, 2.293224
1314, -1.011564, -3.358675, 2.283877
1315, -1.076718, -3.271869, 2.233288
1316, -1.132476, -3.183053, 2.161637
1317, -1.186071, -3.087332, 2.115526
1318, -1.243530, -2.984763, 2.091830
1319, -1.311561, -2.895847, 2.096911
1320, -1.436641, -2.800515, 2.112919
1321, -1.498526, -2.703167, 2.126507
1322, -1.572144, -2.600495, 2.149827
1323, -1.613099, -2.478810, 2.190125
1324, -1.685954, -2.392592, 2.241500
1325, -1.735508, -2.312526, 2.285258
1326, -1.742905, -2.247752, 2.318943
1327, -1.833309, -2.162465, 2.398079
1328, -1.914535, -2.087433, 2.478341
1329, -2.006825, -2.029699, 2.539444
1330, -2.163497, -1.926483, 2.542635
1331, -2.260097, -1.873931, 2.603542
1332, -2.349847, -1.813587, 2.688505
1333, -2.433499, -1.775991, 2.710360
1334, -2.534538, -1.730750, 2.722111
1335, -2.633938, -1.688151, 2.732848
1336, -2.749787, -1.639625, 2.743587
1337, -2.867878, -1.591043, 2.750189
1338, -2.977968, -1.542495, 2.732910
1339, -3.081167, -1.491292, 2.700543
1340, -3.161364, -1.443667, 2.647492
1341, -3.274155, -1.401068, 2.578128
1342, -3.370754, -1.358304, 2.492981
1343, -3.446725, -1.278476, 2.394792
1344, -3.517714, -1.181496, 2.299377
1345, -3.570701, -1.100721, 2.202513
1346, -3.625427, -1.013373, 2.136214
1347, -3.677253, -0.915717, 2.042838
1348, -3.710449, -0.804175, 1.930843
1349, -3.780893, -0.694422, 1.821243
1350, -3.787577, -0.580592, 1.709394
1351, -3.800018, -0.461223, 1.596665
1352, -3.781434, -0.344739, 1.486047
1353, -3.737968, -0.242260, 1.373920
1354, -3.704565, -0.153235, 1.275607
1355, -3.624668, -0.079535, 1.161958
1356, -3.553338, 0.006675, 1.059478
1357, -3.481076, 0.090694, 0.938109
1358, -3.401552, 0.167335, 0.837217
1359, -3.325708, 0.227662, 0.739190
1360, -3.234161, 0.287107, 0.642385
1361, -3.148642, 0.331472, 0.544279
1362, -3.061028, 0.367971, 0.447498
1363, -2.986195, 0.506195, 0.426934
1364, -2.871007, 0.542226, 0.340609
1365, -2.750938, 0.553672, 0.231947
1366, -2.644814, 0.557197, 0.119312
1367, -2.544099, 0.570635, 0.036710
1368, -2.431657, 0.558065, -0.059053
1369, -2.346337, 0.543712, -0.145186
1370, -2.237246, 0.519333, -0.178635
1371, -2.102203, 0.459521, -0.185540
1372, -1.982027, 0.434234, -0.201323
1373, -1.824262, 0.356680, -0.222423
1374, -1.720370, 0.333853, -0.218908
1375, -1.622310, 0.364400, -0.245390
1376, -1.502628, 0.336239, -0.234956
1377, -1.414630, 0.316019, -0.226989
1378, -1.294454, 0.290101, -0.217927
1379, -1.169830, 0.264044, -0.208734
1380, -1.063138, 0.242168, -0.207801
1381, -0.953818, 0.212511, -0.253332
1382, -0.849011, 0.166747, -0.347994
1383, -0.776327, 0.048956, -0.512181
1384, -0.699744, -0.019751, -0.649368
1385, -0.631837, -0.127630, -0.787738
1386, -0.577610, -0.226161, -0.964770
1387, -0.542244, -0.334804, -1.199889
1388, -0.523875, -0.484224, -1.342945
1389, -0.515191, -0.561940, -1.455176
1390, -0.447674, -0.618170, -1.531556
1391, -0.445874, -0.728207, -1.554294
1392, -0.437797, -0.887497, -1.601963
1393, -0.457245, -0.998373, -1.690463
1394, -0.510234, -1.126942, -1.729531
1395, -0.539051, -1.222955, -1.816712
1396, -0.576716, -1.313799, -1.913230
1397, -0.629061, -1.421506, -2.002401
1398, -0.692387, -1.515743, -2.100670
1399, -0.754775, -1.591287, -2.198843
1400, -0.832664, -1.669167, -2.295643
1401, -0.920130, -1.740291, -2.393647
1402, -1.002614, -1.796061, -2.486211
1403, -1.083654, -1.850322, -2.525952
1404, -1.187178, -1.906113, -2.612110
1405, -1.304522, -1.956231, -2.706946
1406, -1.434603, -2.009226, -2.800971
1407, -1.542534, -2.028925, -2.900508
1408, -1.650062, -2.037398, -3.000688
1409, -1.768714, -2.029353, -3.099724
1410, -1.909262, -2.006072, 3.101218
1411, -2.022224, -1.994927, 3.058853
1412, -2.128750, -1.976181, 2.989020
1413, -2.249530, -1.955177, 2.965372
1414, -2.355677, -1.925546, 2.910653
1415, -2.451608, -1.896033, 2.878228
1416, -2.568495, -1.862117, 2.860737
1417, -2.692744, -1.824283, 2.808208
1418, -2.803265, -1.770935, 2.735006
1419, -2.895713, -1.717742, 2.661338
1420, -2.983437, -1.660236, 2.597092
1421, -3.076652, -1.594711, 2.552202
1422, -3.165066, -1.525578, 2.510796
1423, -3.242262, -1.462932, 2.480410
1424, -3.337537, -1.386180, 2.470588
1425, -3.396244, -1.283380, 2.398257
1426, -3.460741, -1.171909, 2.313049
1427, -3.525300, -1.076829, 2.218946
1428, -3.584151, -0.981126, 2.118098
1429, -3.622812, -0.884098, 2.007491
1430, -3.638616, -0.772078, 1.900387
1431, -3.648198, -0.663301, 1.802943
1432, -3.655902, -0.552968, 1.704765
1433, -3.688086, -0.445663, 1.613258
1434, -3.693371, -0.347405, 1.517707
1435, -3.670803, -0.241897, 1.419531
1436, -3.587815, -0.142426, 1.297216
1437, -3.539008, -0.041370, 1.184019
1438, -3.489528, 0.051977, 1.053720
1439, -3.423853, 0.134515, 0.949991
1440, -3.355638, 0.202216, 0.852003
1441, -3.281747, 0.262475, 0.753800
1442, -3.198583, 0.317235, 0.639219
1443, -3.098359, 0.361951, 0.500592
1444, -3.002628, 0.389052, 0.359408
1445, -2.895386, 0.410459, 0.259693
1446, -2.794698, 0.423051, 0.170110
1447, -2.682430, 0.495890, 0.045605
1448, -2.586247, 0.482531, -0.073591
1449, -2.458385, 0.491383, -0.134111
1450, -2.350359, 0.470962, -0.183751
1451, -2.246231, 0.451042, -0.182112
1452, -2.107521, 0.401511, -0.189644
1453, -1.981269, 0.379018, -0.179057
1454, -1.876937, 0.334933, -0.173838
1455, -1.753240, 0.315136, -0.163252
1456, -1.645692, 0.307538, -0.156546
1457, -1.521493, 0.290587, -0.146254
1458, -1.394934, 0.273927, -0.135506
1459, -1.279874, 0.213230, -0.158219
1460, -1.154594, 0.190767, -0.149918
1461, -1.028452, 0.173918, -0.140559
1462, -0.901977, 0.156704, -0.136875
1463, -0.794351, 0.142048, -0.135187
1464, -0.672096, 0.124659, -0.140550
1465, -0.570249, 0.106951, -0.157728
1466, -0.448065, 0.086235, -0.163716
1467, -0.341582, 0.069157, -0.164178
1468, -0.167853, -0.004182, -0.165189
1469, -0.044721, -0.021979, -0.145408
1470, 0.088418, -0.033180, -0.119239
1471, 0.099791, -0.034235, -0.115689
